2024-11-04 14:19:43,167 [Worker-1: Loading available Gradle versions] INFO  o.e.b.c.i.u.g.PublishedGradleVersions - Gradle version information cache is up-to-date. Trying to read.
2024-11-04 14:19:44,529 [Worker-5: Building] WARN  o.a.m.r.i.DefaultArtifactDescriptorReader - 1 problem was encountered while building the effective model for org.javassist:javassist:jar:3.20.0-GA during dependency collection step for project (use -X to see details)
2024-11-04 21:43:52,334 [Worker-95: Launching TesteConexao (1)] WARN  o.a.m.r.i.DefaultArtifactDescriptorReader - 1 problem was encountered while building the effective model for org.javassist:javassist:jar:3.20.0-GA during dependency collection step for project (use -X to see details)
2024-11-04 21:43:52,843 [Worker-95: Launching TesteConexao (1)] INFO  o.e.m.c.i.l.LifecycleMappingFactory - Using org.eclipse.m2e.jdt.JarLifecycleMapping lifecycle mapping for MavenProject: ProjetoSprint4:ProjetoSprint4:0.0.1-SNAPSHOT @ C:\Users\breno\Downloads\ChallengeJava4\ProjetoSprint4\pom.xml.
2024-11-04 21:43:53,087 [Worker-95: Launching TesteConexao (1)] WARN  o.a.m.s.f.DefaultMavenResourcesFiltering - Using platform encoding (UTF-8 actually) to copy filtered resources, i.e. build is platform dependent!
2024-11-04 21:43:53,088 [Worker-95: Launching TesteConexao (1)] INFO  o.a.m.s.f.DefaultMavenResourcesFiltering - skip non existing resourceDirectory C:\Users\breno\Downloads\ChallengeJava4\ProjetoSprint4\src\main\resources
2024-11-04 21:43:53,092 [Worker-95: Launching TesteConexao (1)] WARN  o.a.m.s.f.DefaultMavenResourcesFiltering - Using platform encoding (UTF-8 actually) to copy filtered resources, i.e. build is platform dependent!
2024-11-04 21:43:53,092 [Worker-95: Launching TesteConexao (1)] INFO  o.a.m.s.f.DefaultMavenResourcesFiltering - skip non existing resourceDirectory C:\Users\breno\Downloads\ChallengeJava4\ProjetoSprint4\src\test\resources
2024-11-04 21:43:53,245 [Worker-100: Updating Maven Project] INFO  o.e.m.c.i.p.ProjectConfigurationManager - Update started
2024-11-04 21:43:53,664 [Worker-100: Updating Maven Project] INFO  o.e.m.c.i.l.LifecycleMappingFactory - Using org.eclipse.m2e.jdt.JarLifecycleMapping lifecycle mapping for MavenProject: ProjetoSprint4:ProjetoSprint4:0.0.1-SNAPSHOT @ C:\Users\breno\Downloads\ChallengeJava4\ProjetoSprint4\pom.xml.
2024-11-04 21:43:53,762 [Worker-100: Updating Maven Project] WARN  o.a.m.r.i.DefaultArtifactDescriptorReader - 1 problem was encountered while building the effective model for org.javassist:javassist:jar:3.20.0-GA during dependency collection step for project (use -X to see details)
2024-11-04 21:43:54,126 [Worker-100: Updating Maven Project] INFO  o.e.m.j.i.AbstractJavaProjectConfigurator - Adding source folder /ProjetoSprint4/src/main/java
2024-11-04 21:43:54,128 [Worker-100: Updating Maven Project] INFO  o.e.m.j.i.AbstractJavaProjectConfigurator - Adding resource folder /ProjetoSprint4/src/main/resources
2024-11-04 21:43:54,129 [Worker-100: Updating Maven Project] INFO  o.e.m.j.i.AbstractJavaProjectConfigurator - Adding source folder /ProjetoSprint4/src/test/java
2024-11-04 21:43:54,130 [Worker-100: Updating Maven Project] INFO  o.e.m.j.i.AbstractJavaProjectConfigurator - Adding resource folder /ProjetoSprint4/src/test/resources
2024-11-04 21:43:54,309 [Worker-100: Updating Maven Project] INFO  o.e.m.c.i.p.ProjectConfigurationManager - Update completed for 1 poms: local refresh takes 0,00 sec, refresh facades takes 0,00 sec, update config takes 0,00 sec 
2024-11-04 21:43:54,470 [Worker-87: Building] WARN  o.a.m.s.f.DefaultMavenResourcesFiltering - Using platform encoding (UTF-8 actually) to copy filtered resources, i.e. build is platform dependent!
2024-11-04 21:43:54,471 [Worker-87: Building] INFO  o.a.m.s.f.DefaultMavenResourcesFiltering - skip non existing resourceDirectory C:\Users\breno\Downloads\ChallengeJava4\ProjetoSprint4\src\main\resources
2024-11-04 21:43:54,474 [Worker-87: Building] WARN  o.a.m.s.f.DefaultMavenResourcesFiltering - Using platform encoding (UTF-8 actually) to copy filtered resources, i.e. build is platform dependent!
2024-11-04 21:43:54,474 [Worker-87: Building] INFO  o.a.m.s.f.DefaultMavenResourcesFiltering - skip non existing resourceDirectory C:\Users\breno\Downloads\ChallengeJava4\ProjetoSprint4\src\test\resources
2024-11-04 21:45:31,705 [Worker-97: Building] WARN  o.a.m.s.f.DefaultMavenResourcesFiltering - Using platform encoding (UTF-8 actually) to copy filtered resources, i.e. build is platform dependent!
2024-11-04 21:45:31,706 [Worker-97: Building] INFO  o.a.m.s.f.DefaultMavenResourcesFiltering - skip non existing resourceDirectory C:\Users\breno\Downloads\ChallengeJava4\ProjetoSprint4\src\main\resources
2024-11-04 21:45:31,707 [Worker-97: Building] WARN  o.a.m.s.f.DefaultMavenResourcesFiltering - Using platform encoding (UTF-8 actually) to copy filtered resources, i.e. build is platform dependent!
2024-11-04 21:45:31,708 [Worker-97: Building] INFO  o.a.m.s.f.DefaultMavenResourcesFiltering - skip non existing resourceDirectory C:\Users\breno\Downloads\ChallengeJava4\ProjetoSprint4\src\test\resources
2024-11-22 09:44:55,815 [Worker-1: Loading available Gradle versions] INFO  o.e.b.c.i.u.g.PublishedGradleVersions - Gradle version information cache is up-to-date. Trying to read.
2024-11-22 09:45:00,032 [Worker-8: Building] WARN  o.a.m.s.f.DefaultMavenResourcesFiltering - Using platform encoding (Cp1252 actually) to copy filtered resources, i.e. build is platform dependent!
2024-11-22 09:45:00,034 [Worker-8: Building] INFO  o.a.m.s.f.DefaultMavenResourcesFiltering - skip non existing resourceDirectory C:\Users\breno\OneDrive\햞ea de Trabalho\ChallengeJava4\ProjetoSprint4\src\main\resources
2024-11-22 09:45:00,038 [Worker-8: Building] WARN  o.a.m.s.f.DefaultMavenResourcesFiltering - Using platform encoding (Cp1252 actually) to copy filtered resources, i.e. build is platform dependent!
2024-11-22 09:45:00,039 [Worker-8: Building] INFO  o.a.m.s.f.DefaultMavenResourcesFiltering - skip non existing resourceDirectory C:\Users\breno\OneDrive\햞ea de Trabalho\ChallengeJava4\ProjetoSprint4\src\test\resources
2024-11-22 10:44:27,632 [Worker-40: Building] WARN  o.a.m.s.f.DefaultMavenResourcesFiltering - Using platform encoding (Cp1252 actually) to copy filtered resources, i.e. build is platform dependent!
2024-11-22 10:44:27,632 [Worker-40: Building] INFO  o.a.m.s.f.DefaultMavenResourcesFiltering - skip non existing resourceDirectory C:\Users\breno\OneDrive\햞ea de Trabalho\ChallengeJava4\ProjetoSprint4\src\main\resources
2024-11-22 10:44:27,635 [Worker-40: Building] WARN  o.a.m.s.f.DefaultMavenResourcesFiltering - Using platform encoding (Cp1252 actually) to copy filtered resources, i.e. build is platform dependent!
2024-11-22 10:44:27,635 [Worker-40: Building] INFO  o.a.m.s.f.DefaultMavenResourcesFiltering - skip non existing resourceDirectory C:\Users\breno\OneDrive\햞ea de Trabalho\ChallengeJava4\ProjetoSprint4\src\test\resources
2024-11-22 10:44:52,300 [Worker-39: Building] WARN  o.a.m.s.f.DefaultMavenResourcesFiltering - Using platform encoding (Cp1252 actually) to copy filtered resources, i.e. build is platform dependent!
2024-11-22 10:44:52,301 [Worker-39: Building] INFO  o.a.m.s.f.DefaultMavenResourcesFiltering - skip non existing resourceDirectory C:\Users\breno\OneDrive\햞ea de Trabalho\ChallengeJava4\ProjetoSprint4\src\main\resources
2024-11-22 10:44:52,303 [Worker-39: Building] WARN  o.a.m.s.f.DefaultMavenResourcesFiltering - Using platform encoding (Cp1252 actually) to copy filtered resources, i.e. build is platform dependent!
2024-11-22 10:44:52,304 [Worker-39: Building] INFO  o.a.m.s.f.DefaultMavenResourcesFiltering - skip non existing resourceDirectory C:\Users\breno\OneDrive\햞ea de Trabalho\ChallengeJava4\ProjetoSprint4\src\test\resources
2024-11-22 10:45:28,601 [Worker-40: Building] WARN  o.a.m.s.f.DefaultMavenResourcesFiltering - Using platform encoding (Cp1252 actually) to copy filtered resources, i.e. build is platform dependent!
2024-11-22 10:45:28,602 [Worker-40: Building] INFO  o.a.m.s.f.DefaultMavenResourcesFiltering - skip non existing resourceDirectory C:\Users\breno\OneDrive\햞ea de Trabalho\ChallengeJava4\ProjetoSprint4\src\main\resources
2024-11-22 10:45:28,604 [Worker-40: Building] WARN  o.a.m.s.f.DefaultMavenResourcesFiltering - Using platform encoding (Cp1252 actually) to copy filtered resources, i.e. build is platform dependent!
2024-11-22 10:45:28,605 [Worker-40: Building] INFO  o.a.m.s.f.DefaultMavenResourcesFiltering - skip non existing resourceDirectory C:\Users\breno\OneDrive\햞ea de Trabalho\ChallengeJava4\ProjetoSprint4\src\test\resources
2024-11-22 10:45:35,978 [Worker-41: Building] WARN  o.a.m.s.f.DefaultMavenResourcesFiltering - Using platform encoding (Cp1252 actually) to copy filtered resources, i.e. build is platform dependent!
2024-11-22 10:45:35,979 [Worker-41: Building] INFO  o.a.m.s.f.DefaultMavenResourcesFiltering - skip non existing resourceDirectory C:\Users\breno\OneDrive\햞ea de Trabalho\ChallengeJava4\ProjetoSprint4\src\main\resources
2024-11-22 10:45:35,980 [Worker-41: Building] WARN  o.a.m.s.f.DefaultMavenResourcesFiltering - Using platform encoding (Cp1252 actually) to copy filtered resources, i.e. build is platform dependent!
2024-11-22 10:45:35,981 [Worker-41: Building] INFO  o.a.m.s.f.DefaultMavenResourcesFiltering - skip non existing resourceDirectory C:\Users\breno\OneDrive\햞ea de Trabalho\ChallengeJava4\ProjetoSprint4\src\test\resources
2024-11-22 10:47:27,240 [Worker-40: Building] WARN  o.a.m.s.f.DefaultMavenResourcesFiltering - Using platform encoding (Cp1252 actually) to copy filtered resources, i.e. build is platform dependent!
2024-11-22 10:47:27,241 [Worker-40: Building] INFO  o.a.m.s.f.DefaultMavenResourcesFiltering - skip non existing resourceDirectory C:\Users\breno\OneDrive\햞ea de Trabalho\ChallengeJava4\ProjetoSprint4\src\main\resources
2024-11-22 10:47:27,242 [Worker-40: Building] WARN  o.a.m.s.f.DefaultMavenResourcesFiltering - Using platform encoding (Cp1252 actually) to copy filtered resources, i.e. build is platform dependent!
2024-11-22 10:47:27,243 [Worker-40: Building] INFO  o.a.m.s.f.DefaultMavenResourcesFiltering - skip non existing resourceDirectory C:\Users\breno\OneDrive\햞ea de Trabalho\ChallengeJava4\ProjetoSprint4\src\test\resources
2024-11-22 10:47:46,004 [Worker-39: Building] WARN  o.a.m.s.f.DefaultMavenResourcesFiltering - Using platform encoding (Cp1252 actually) to copy filtered resources, i.e. build is platform dependent!
2024-11-22 10:47:46,005 [Worker-39: Building] INFO  o.a.m.s.f.DefaultMavenResourcesFiltering - skip non existing resourceDirectory C:\Users\breno\OneDrive\햞ea de Trabalho\ChallengeJava4\ProjetoSprint4\src\main\resources
2024-11-22 10:47:46,007 [Worker-39: Building] WARN  o.a.m.s.f.DefaultMavenResourcesFiltering - Using platform encoding (Cp1252 actually) to copy filtered resources, i.e. build is platform dependent!
2024-11-22 10:47:46,008 [Worker-39: Building] INFO  o.a.m.s.f.DefaultMavenResourcesFiltering - skip non existing resourceDirectory C:\Users\breno\OneDrive\햞ea de Trabalho\ChallengeJava4\ProjetoSprint4\src\test\resources
2024-11-22 10:47:52,711 [Worker-42: Building] WARN  o.a.m.s.f.DefaultMavenResourcesFiltering - Using platform encoding (Cp1252 actually) to copy filtered resources, i.e. build is platform dependent!
2024-11-22 10:47:52,712 [Worker-42: Building] INFO  o.a.m.s.f.DefaultMavenResourcesFiltering - skip non existing resourceDirectory C:\Users\breno\OneDrive\햞ea de Trabalho\ChallengeJava4\ProjetoSprint4\src\main\resources
2024-11-22 10:47:52,714 [Worker-42: Building] WARN  o.a.m.s.f.DefaultMavenResourcesFiltering - Using platform encoding (Cp1252 actually) to copy filtered resources, i.e. build is platform dependent!
2024-11-22 10:47:52,715 [Worker-42: Building] INFO  o.a.m.s.f.DefaultMavenResourcesFiltering - skip non existing resourceDirectory C:\Users\breno\OneDrive\햞ea de Trabalho\ChallengeJava4\ProjetoSprint4\src\test\resources
2024-11-22 10:48:16,638 [Worker-42: Building] WARN  o.a.m.s.f.DefaultMavenResourcesFiltering - Using platform encoding (Cp1252 actually) to copy filtered resources, i.e. build is platform dependent!
2024-11-22 10:48:16,639 [Worker-42: Building] INFO  o.a.m.s.f.DefaultMavenResourcesFiltering - skip non existing resourceDirectory C:\Users\breno\OneDrive\햞ea de Trabalho\ChallengeJava4\ProjetoSprint4\src\main\resources
2024-11-22 10:48:16,641 [Worker-42: Building] WARN  o.a.m.s.f.DefaultMavenResourcesFiltering - Using platform encoding (Cp1252 actually) to copy filtered resources, i.e. build is platform dependent!
2024-11-22 10:48:16,642 [Worker-42: Building] INFO  o.a.m.s.f.DefaultMavenResourcesFiltering - skip non existing resourceDirectory C:\Users\breno\OneDrive\햞ea de Trabalho\ChallengeJava4\ProjetoSprint4\src\test\resources
2024-11-22 10:48:25,416 [Worker-40: Building] WARN  o.a.m.s.f.DefaultMavenResourcesFiltering - Using platform encoding (Cp1252 actually) to copy filtered resources, i.e. build is platform dependent!
2024-11-22 10:48:25,417 [Worker-40: Building] INFO  o.a.m.s.f.DefaultMavenResourcesFiltering - skip non existing resourceDirectory C:\Users\breno\OneDrive\햞ea de Trabalho\ChallengeJava4\ProjetoSprint4\src\main\resources
2024-11-22 10:48:25,418 [Worker-40: Building] WARN  o.a.m.s.f.DefaultMavenResourcesFiltering - Using platform encoding (Cp1252 actually) to copy filtered resources, i.e. build is platform dependent!
2024-11-22 10:48:25,419 [Worker-40: Building] INFO  o.a.m.s.f.DefaultMavenResourcesFiltering - skip non existing resourceDirectory C:\Users\breno\OneDrive\햞ea de Trabalho\ChallengeJava4\ProjetoSprint4\src\test\resources
2024-11-22 10:48:31,952 [Worker-40: Building] WARN  o.a.m.s.f.DefaultMavenResourcesFiltering - Using platform encoding (Cp1252 actually) to copy filtered resources, i.e. build is platform dependent!
2024-11-22 10:48:31,953 [Worker-40: Building] INFO  o.a.m.s.f.DefaultMavenResourcesFiltering - skip non existing resourceDirectory C:\Users\breno\OneDrive\햞ea de Trabalho\ChallengeJava4\ProjetoSprint4\src\main\resources
2024-11-22 10:48:31,956 [Worker-40: Building] WARN  o.a.m.s.f.DefaultMavenResourcesFiltering - Using platform encoding (Cp1252 actually) to copy filtered resources, i.e. build is platform dependent!
2024-11-22 10:48:31,956 [Worker-40: Building] INFO  o.a.m.s.f.DefaultMavenResourcesFiltering - skip non existing resourceDirectory C:\Users\breno\OneDrive\햞ea de Trabalho\ChallengeJava4\ProjetoSprint4\src\test\resources
2024-11-22 10:48:41,864 [Worker-38: Building] WARN  o.a.m.s.f.DefaultMavenResourcesFiltering - Using platform encoding (Cp1252 actually) to copy filtered resources, i.e. build is platform dependent!
2024-11-22 10:48:41,864 [Worker-38: Building] INFO  o.a.m.s.f.DefaultMavenResourcesFiltering - skip non existing resourceDirectory C:\Users\breno\OneDrive\햞ea de Trabalho\ChallengeJava4\ProjetoSprint4\src\main\resources
2024-11-22 10:48:41,866 [Worker-38: Building] WARN  o.a.m.s.f.DefaultMavenResourcesFiltering - Using platform encoding (Cp1252 actually) to copy filtered resources, i.e. build is platform dependent!
2024-11-22 10:48:41,867 [Worker-38: Building] INFO  o.a.m.s.f.DefaultMavenResourcesFiltering - skip non existing resourceDirectory C:\Users\breno\OneDrive\햞ea de Trabalho\ChallengeJava4\ProjetoSprint4\src\test\resources
2024-11-22 10:49:46,474 [Worker-20: Building] WARN  o.a.m.s.f.DefaultMavenResourcesFiltering - Using platform encoding (Cp1252 actually) to copy filtered resources, i.e. build is platform dependent!
2024-11-22 10:49:46,475 [Worker-20: Building] INFO  o.a.m.s.f.DefaultMavenResourcesFiltering - skip non existing resourceDirectory C:\Users\breno\OneDrive\햞ea de Trabalho\ChallengeJava4\ProjetoSprint4\src\main\resources
2024-11-22 10:49:46,478 [Worker-20: Building] WARN  o.a.m.s.f.DefaultMavenResourcesFiltering - Using platform encoding (Cp1252 actually) to copy filtered resources, i.e. build is platform dependent!
2024-11-22 10:49:46,479 [Worker-20: Building] INFO  o.a.m.s.f.DefaultMavenResourcesFiltering - skip non existing resourceDirectory C:\Users\breno\OneDrive\햞ea de Trabalho\ChallengeJava4\ProjetoSprint4\src\test\resources
2024-11-22 10:49:59,592 [Worker-39: Building] WARN  o.a.m.s.f.DefaultMavenResourcesFiltering - Using platform encoding (Cp1252 actually) to copy filtered resources, i.e. build is platform dependent!
2024-11-22 10:49:59,592 [Worker-39: Building] INFO  o.a.m.s.f.DefaultMavenResourcesFiltering - skip non existing resourceDirectory C:\Users\breno\OneDrive\햞ea de Trabalho\ChallengeJava4\ProjetoSprint4\src\main\resources
2024-11-22 10:49:59,594 [Worker-39: Building] WARN  o.a.m.s.f.DefaultMavenResourcesFiltering - Using platform encoding (Cp1252 actually) to copy filtered resources, i.e. build is platform dependent!
2024-11-22 10:49:59,595 [Worker-39: Building] INFO  o.a.m.s.f.DefaultMavenResourcesFiltering - skip non existing resourceDirectory C:\Users\breno\OneDrive\햞ea de Trabalho\ChallengeJava4\ProjetoSprint4\src\test\resources
2024-11-22 10:50:08,031 [Worker-41: Building] WARN  o.a.m.s.f.DefaultMavenResourcesFiltering - Using platform encoding (Cp1252 actually) to copy filtered resources, i.e. build is platform dependent!
2024-11-22 10:50:08,032 [Worker-41: Building] INFO  o.a.m.s.f.DefaultMavenResourcesFiltering - skip non existing resourceDirectory C:\Users\breno\OneDrive\햞ea de Trabalho\ChallengeJava4\ProjetoSprint4\src\main\resources
2024-11-22 10:50:08,033 [Worker-41: Building] WARN  o.a.m.s.f.DefaultMavenResourcesFiltering - Using platform encoding (Cp1252 actually) to copy filtered resources, i.e. build is platform dependent!
2024-11-22 10:50:08,034 [Worker-41: Building] INFO  o.a.m.s.f.DefaultMavenResourcesFiltering - skip non existing resourceDirectory C:\Users\breno\OneDrive\햞ea de Trabalho\ChallengeJava4\ProjetoSprint4\src\test\resources
2024-11-22 10:50:16,284 [Worker-41: Building] WARN  o.a.m.s.f.DefaultMavenResourcesFiltering - Using platform encoding (Cp1252 actually) to copy filtered resources, i.e. build is platform dependent!
2024-11-22 10:50:16,285 [Worker-41: Building] INFO  o.a.m.s.f.DefaultMavenResourcesFiltering - skip non existing resourceDirectory C:\Users\breno\OneDrive\햞ea de Trabalho\ChallengeJava4\ProjetoSprint4\src\main\resources
2024-11-22 10:50:16,288 [Worker-41: Building] WARN  o.a.m.s.f.DefaultMavenResourcesFiltering - Using platform encoding (Cp1252 actually) to copy filtered resources, i.e. build is platform dependent!
2024-11-22 10:50:16,289 [Worker-41: Building] INFO  o.a.m.s.f.DefaultMavenResourcesFiltering - skip non existing resourceDirectory C:\Users\breno\OneDrive\햞ea de Trabalho\ChallengeJava4\ProjetoSprint4\src\test\resources
2024-11-22 10:50:35,042 [Worker-20: Building] WARN  o.a.m.s.f.DefaultMavenResourcesFiltering - Using platform encoding (Cp1252 actually) to copy filtered resources, i.e. build is platform dependent!
2024-11-22 10:50:35,043 [Worker-20: Building] INFO  o.a.m.s.f.DefaultMavenResourcesFiltering - skip non existing resourceDirectory C:\Users\breno\OneDrive\햞ea de Trabalho\ChallengeJava4\ProjetoSprint4\src\main\resources
2024-11-22 10:50:35,045 [Worker-20: Building] WARN  o.a.m.s.f.DefaultMavenResourcesFiltering - Using platform encoding (Cp1252 actually) to copy filtered resources, i.e. build is platform dependent!
2024-11-22 10:50:35,045 [Worker-20: Building] INFO  o.a.m.s.f.DefaultMavenResourcesFiltering - skip non existing resourceDirectory C:\Users\breno\OneDrive\햞ea de Trabalho\ChallengeJava4\ProjetoSprint4\src\test\resources
2024-11-22 10:50:41,738 [Worker-41: Building] WARN  o.a.m.s.f.DefaultMavenResourcesFiltering - Using platform encoding (Cp1252 actually) to copy filtered resources, i.e. build is platform dependent!
2024-11-22 10:50:41,739 [Worker-41: Building] INFO  o.a.m.s.f.DefaultMavenResourcesFiltering - skip non existing resourceDirectory C:\Users\breno\OneDrive\햞ea de Trabalho\ChallengeJava4\ProjetoSprint4\src\main\resources
2024-11-22 10:50:41,740 [Worker-41: Building] WARN  o.a.m.s.f.DefaultMavenResourcesFiltering - Using platform encoding (Cp1252 actually) to copy filtered resources, i.e. build is platform dependent!
2024-11-22 10:50:41,741 [Worker-41: Building] INFO  o.a.m.s.f.DefaultMavenResourcesFiltering - skip non existing resourceDirectory C:\Users\breno\OneDrive\햞ea de Trabalho\ChallengeJava4\ProjetoSprint4\src\test\resources
2024-11-22 10:50:49,243 [Worker-42: Building] WARN  o.a.m.s.f.DefaultMavenResourcesFiltering - Using platform encoding (Cp1252 actually) to copy filtered resources, i.e. build is platform dependent!
2024-11-22 10:50:49,244 [Worker-42: Building] INFO  o.a.m.s.f.DefaultMavenResourcesFiltering - skip non existing resourceDirectory C:\Users\breno\OneDrive\햞ea de Trabalho\ChallengeJava4\ProjetoSprint4\src\main\resources
2024-11-22 10:50:49,246 [Worker-42: Building] WARN  o.a.m.s.f.DefaultMavenResourcesFiltering - Using platform encoding (Cp1252 actually) to copy filtered resources, i.e. build is platform dependent!
2024-11-22 10:50:49,247 [Worker-42: Building] INFO  o.a.m.s.f.DefaultMavenResourcesFiltering - skip non existing resourceDirectory C:\Users\breno\OneDrive\햞ea de Trabalho\ChallengeJava4\ProjetoSprint4\src\test\resources
2024-11-22 10:50:57,980 [Worker-20: Building] WARN  o.a.m.s.f.DefaultMavenResourcesFiltering - Using platform encoding (Cp1252 actually) to copy filtered resources, i.e. build is platform dependent!
2024-11-22 10:50:57,980 [Worker-20: Building] INFO  o.a.m.s.f.DefaultMavenResourcesFiltering - skip non existing resourceDirectory C:\Users\breno\OneDrive\햞ea de Trabalho\ChallengeJava4\ProjetoSprint4\src\main\resources
2024-11-22 10:50:57,981 [Worker-20: Building] WARN  o.a.m.s.f.DefaultMavenResourcesFiltering - Using platform encoding (Cp1252 actually) to copy filtered resources, i.e. build is platform dependent!
2024-11-22 10:50:57,982 [Worker-20: Building] INFO  o.a.m.s.f.DefaultMavenResourcesFiltering - skip non existing resourceDirectory C:\Users\breno\OneDrive\햞ea de Trabalho\ChallengeJava4\ProjetoSprint4\src\test\resources
2024-11-22 10:51:14,003 [Worker-38: Building] WARN  o.a.m.s.f.DefaultMavenResourcesFiltering - Using platform encoding (Cp1252 actually) to copy filtered resources, i.e. build is platform dependent!
2024-11-22 10:51:14,004 [Worker-38: Building] INFO  o.a.m.s.f.DefaultMavenResourcesFiltering - skip non existing resourceDirectory C:\Users\breno\OneDrive\햞ea de Trabalho\ChallengeJava4\ProjetoSprint4\src\main\resources
2024-11-22 10:51:14,006 [Worker-38: Building] WARN  o.a.m.s.f.DefaultMavenResourcesFiltering - Using platform encoding (Cp1252 actually) to copy filtered resources, i.e. build is platform dependent!
2024-11-22 10:51:14,007 [Worker-38: Building] INFO  o.a.m.s.f.DefaultMavenResourcesFiltering - skip non existing resourceDirectory C:\Users\breno\OneDrive\햞ea de Trabalho\ChallengeJava4\ProjetoSprint4\src\test\resources
2024-11-22 10:51:22,441 [Worker-41: Building] WARN  o.a.m.s.f.DefaultMavenResourcesFiltering - Using platform encoding (Cp1252 actually) to copy filtered resources, i.e. build is platform dependent!
2024-11-22 10:51:22,442 [Worker-41: Building] INFO  o.a.m.s.f.DefaultMavenResourcesFiltering - skip non existing resourceDirectory C:\Users\breno\OneDrive\햞ea de Trabalho\ChallengeJava4\ProjetoSprint4\src\main\resources
2024-11-22 10:51:22,443 [Worker-41: Building] WARN  o.a.m.s.f.DefaultMavenResourcesFiltering - Using platform encoding (Cp1252 actually) to copy filtered resources, i.e. build is platform dependent!
2024-11-22 10:51:22,444 [Worker-41: Building] INFO  o.a.m.s.f.DefaultMavenResourcesFiltering - skip non existing resourceDirectory C:\Users\breno\OneDrive\햞ea de Trabalho\ChallengeJava4\ProjetoSprint4\src\test\resources
2024-11-22 10:51:34,785 [Worker-41: Building] WARN  o.a.m.s.f.DefaultMavenResourcesFiltering - Using platform encoding (Cp1252 actually) to copy filtered resources, i.e. build is platform dependent!
2024-11-22 10:51:34,786 [Worker-41: Building] INFO  o.a.m.s.f.DefaultMavenResourcesFiltering - skip non existing resourceDirectory C:\Users\breno\OneDrive\햞ea de Trabalho\ChallengeJava4\ProjetoSprint4\src\main\resources
2024-11-22 10:51:34,788 [Worker-41: Building] WARN  o.a.m.s.f.DefaultMavenResourcesFiltering - Using platform encoding (Cp1252 actually) to copy filtered resources, i.e. build is platform dependent!
2024-11-22 10:51:34,789 [Worker-41: Building] INFO  o.a.m.s.f.DefaultMavenResourcesFiltering - skip non existing resourceDirectory C:\Users\breno\OneDrive\햞ea de Trabalho\ChallengeJava4\ProjetoSprint4\src\test\resources
2024-11-22 10:51:44,313 [Worker-20: Building] WARN  o.a.m.s.f.DefaultMavenResourcesFiltering - Using platform encoding (Cp1252 actually) to copy filtered resources, i.e. build is platform dependent!
2024-11-22 10:51:44,314 [Worker-20: Building] INFO  o.a.m.s.f.DefaultMavenResourcesFiltering - skip non existing resourceDirectory C:\Users\breno\OneDrive\햞ea de Trabalho\ChallengeJava4\ProjetoSprint4\src\main\resources
2024-11-22 10:51:44,315 [Worker-20: Building] WARN  o.a.m.s.f.DefaultMavenResourcesFiltering - Using platform encoding (Cp1252 actually) to copy filtered resources, i.e. build is platform dependent!
2024-11-22 10:51:44,315 [Worker-20: Building] INFO  o.a.m.s.f.DefaultMavenResourcesFiltering - skip non existing resourceDirectory C:\Users\breno\OneDrive\햞ea de Trabalho\ChallengeJava4\ProjetoSprint4\src\test\resources
2024-11-22 10:51:51,835 [Worker-40: Building] WARN  o.a.m.s.f.DefaultMavenResourcesFiltering - Using platform encoding (Cp1252 actually) to copy filtered resources, i.e. build is platform dependent!
2024-11-22 10:51:51,836 [Worker-40: Building] INFO  o.a.m.s.f.DefaultMavenResourcesFiltering - skip non existing resourceDirectory C:\Users\breno\OneDrive\햞ea de Trabalho\ChallengeJava4\ProjetoSprint4\src\main\resources
2024-11-22 10:51:51,838 [Worker-40: Building] WARN  o.a.m.s.f.DefaultMavenResourcesFiltering - Using platform encoding (Cp1252 actually) to copy filtered resources, i.e. build is platform dependent!
2024-11-22 10:51:51,839 [Worker-40: Building] INFO  o.a.m.s.f.DefaultMavenResourcesFiltering - skip non existing resourceDirectory C:\Users\breno\OneDrive\햞ea de Trabalho\ChallengeJava4\ProjetoSprint4\src\test\resources
2024-11-22 10:52:56,522 [Worker-41: Building] WARN  o.a.m.s.f.DefaultMavenResourcesFiltering - Using platform encoding (Cp1252 actually) to copy filtered resources, i.e. build is platform dependent!
2024-11-22 10:52:56,523 [Worker-41: Building] INFO  o.a.m.s.f.DefaultMavenResourcesFiltering - skip non existing resourceDirectory C:\Users\breno\OneDrive\햞ea de Trabalho\ChallengeJava4\ProjetoSprint4\src\main\resources
2024-11-22 10:52:56,525 [Worker-41: Building] WARN  o.a.m.s.f.DefaultMavenResourcesFiltering - Using platform encoding (Cp1252 actually) to copy filtered resources, i.e. build is platform dependent!
2024-11-22 10:52:56,526 [Worker-41: Building] INFO  o.a.m.s.f.DefaultMavenResourcesFiltering - skip non existing resourceDirectory C:\Users\breno\OneDrive\햞ea de Trabalho\ChallengeJava4\ProjetoSprint4\src\test\resources
2024-11-22 10:54:09,313 [Worker-20: Building] WARN  o.a.m.s.f.DefaultMavenResourcesFiltering - Using platform encoding (Cp1252 actually) to copy filtered resources, i.e. build is platform dependent!
2024-11-22 10:54:09,315 [Worker-20: Building] INFO  o.a.m.s.f.DefaultMavenResourcesFiltering - skip non existing resourceDirectory C:\Users\breno\OneDrive\햞ea de Trabalho\ChallengeJava4\ProjetoSprint4\src\main\resources
2024-11-22 10:54:09,316 [Worker-20: Building] WARN  o.a.m.s.f.DefaultMavenResourcesFiltering - Using platform encoding (Cp1252 actually) to copy filtered resources, i.e. build is platform dependent!
2024-11-22 10:54:09,317 [Worker-20: Building] INFO  o.a.m.s.f.DefaultMavenResourcesFiltering - skip non existing resourceDirectory C:\Users\breno\OneDrive\햞ea de Trabalho\ChallengeJava4\ProjetoSprint4\src\test\resources
2024-11-22 10:54:30,370 [Worker-40: Building] WARN  o.a.m.s.f.DefaultMavenResourcesFiltering - Using platform encoding (Cp1252 actually) to copy filtered resources, i.e. build is platform dependent!
2024-11-22 10:54:30,371 [Worker-40: Building] INFO  o.a.m.s.f.DefaultMavenResourcesFiltering - skip non existing resourceDirectory C:\Users\breno\OneDrive\햞ea de Trabalho\ChallengeJava4\ProjetoSprint4\src\main\resources
2024-11-22 10:54:30,372 [Worker-40: Building] WARN  o.a.m.s.f.DefaultMavenResourcesFiltering - Using platform encoding (Cp1252 actually) to copy filtered resources, i.e. build is platform dependent!
2024-11-22 10:54:30,373 [Worker-40: Building] INFO  o.a.m.s.f.DefaultMavenResourcesFiltering - skip non existing resourceDirectory C:\Users\breno\OneDrive\햞ea de Trabalho\ChallengeJava4\ProjetoSprint4\src\test\resources
2024-11-22 10:55:36,237 [Worker-20: Building] WARN  o.a.m.s.f.DefaultMavenResourcesFiltering - Using platform encoding (Cp1252 actually) to copy filtered resources, i.e. build is platform dependent!
2024-11-22 10:55:36,238 [Worker-20: Building] INFO  o.a.m.s.f.DefaultMavenResourcesFiltering - skip non existing resourceDirectory C:\Users\breno\OneDrive\햞ea de Trabalho\ChallengeJava4\ProjetoSprint4\src\main\resources
2024-11-22 10:55:36,239 [Worker-20: Building] WARN  o.a.m.s.f.DefaultMavenResourcesFiltering - Using platform encoding (Cp1252 actually) to copy filtered resources, i.e. build is platform dependent!
2024-11-22 10:55:36,240 [Worker-20: Building] INFO  o.a.m.s.f.DefaultMavenResourcesFiltering - skip non existing resourceDirectory C:\Users\breno\OneDrive\햞ea de Trabalho\ChallengeJava4\ProjetoSprint4\src\test\resources
2024-11-22 10:55:46,171 [Worker-41: Building] WARN  o.a.m.s.f.DefaultMavenResourcesFiltering - Using platform encoding (Cp1252 actually) to copy filtered resources, i.e. build is platform dependent!
2024-11-22 10:55:46,171 [Worker-41: Building] INFO  o.a.m.s.f.DefaultMavenResourcesFiltering - skip non existing resourceDirectory C:\Users\breno\OneDrive\햞ea de Trabalho\ChallengeJava4\ProjetoSprint4\src\main\resources
2024-11-22 10:55:46,173 [Worker-41: Building] WARN  o.a.m.s.f.DefaultMavenResourcesFiltering - Using platform encoding (Cp1252 actually) to copy filtered resources, i.e. build is platform dependent!
2024-11-22 10:55:46,173 [Worker-41: Building] INFO  o.a.m.s.f.DefaultMavenResourcesFiltering - skip non existing resourceDirectory C:\Users\breno\OneDrive\햞ea de Trabalho\ChallengeJava4\ProjetoSprint4\src\test\resources
2024-11-22 10:55:52,523 [Worker-42: Building] WARN  o.a.m.s.f.DefaultMavenResourcesFiltering - Using platform encoding (Cp1252 actually) to copy filtered resources, i.e. build is platform dependent!
2024-11-22 10:55:52,524 [Worker-42: Building] INFO  o.a.m.s.f.DefaultMavenResourcesFiltering - skip non existing resourceDirectory C:\Users\breno\OneDrive\햞ea de Trabalho\ChallengeJava4\ProjetoSprint4\src\main\resources
2024-11-22 10:55:52,525 [Worker-42: Building] WARN  o.a.m.s.f.DefaultMavenResourcesFiltering - Using platform encoding (Cp1252 actually) to copy filtered resources, i.e. build is platform dependent!
2024-11-22 10:55:52,525 [Worker-42: Building] INFO  o.a.m.s.f.DefaultMavenResourcesFiltering - skip non existing resourceDirectory C:\Users\breno\OneDrive\햞ea de Trabalho\ChallengeJava4\ProjetoSprint4\src\test\resources
2024-11-22 10:55:58,483 [Worker-41: Building] WARN  o.a.m.s.f.DefaultMavenResourcesFiltering - Using platform encoding (Cp1252 actually) to copy filtered resources, i.e. build is platform dependent!
2024-11-22 10:55:58,484 [Worker-41: Building] INFO  o.a.m.s.f.DefaultMavenResourcesFiltering - skip non existing resourceDirectory C:\Users\breno\OneDrive\햞ea de Trabalho\ChallengeJava4\ProjetoSprint4\src\main\resources
2024-11-22 10:55:58,485 [Worker-41: Building] WARN  o.a.m.s.f.DefaultMavenResourcesFiltering - Using platform encoding (Cp1252 actually) to copy filtered resources, i.e. build is platform dependent!
2024-11-22 10:55:58,486 [Worker-41: Building] INFO  o.a.m.s.f.DefaultMavenResourcesFiltering - skip non existing resourceDirectory C:\Users\breno\OneDrive\햞ea de Trabalho\ChallengeJava4\ProjetoSprint4\src\test\resources
2024-11-22 10:57:13,251 [Worker-44: Building] WARN  o.a.m.s.f.DefaultMavenResourcesFiltering - Using platform encoding (Cp1252 actually) to copy filtered resources, i.e. build is platform dependent!
2024-11-22 10:57:13,252 [Worker-44: Building] INFO  o.a.m.s.f.DefaultMavenResourcesFiltering - skip non existing resourceDirectory C:\Users\breno\OneDrive\햞ea de Trabalho\ChallengeJava4\ProjetoSprint4\src\main\resources
2024-11-22 10:57:13,254 [Worker-44: Building] WARN  o.a.m.s.f.DefaultMavenResourcesFiltering - Using platform encoding (Cp1252 actually) to copy filtered resources, i.e. build is platform dependent!
2024-11-22 10:57:13,255 [Worker-44: Building] INFO  o.a.m.s.f.DefaultMavenResourcesFiltering - skip non existing resourceDirectory C:\Users\breno\OneDrive\햞ea de Trabalho\ChallengeJava4\ProjetoSprint4\src\test\resources
2024-11-22 10:57:38,657 [Worker-41: Building] WARN  o.a.m.s.f.DefaultMavenResourcesFiltering - Using platform encoding (Cp1252 actually) to copy filtered resources, i.e. build is platform dependent!
2024-11-22 10:57:38,658 [Worker-41: Building] INFO  o.a.m.s.f.DefaultMavenResourcesFiltering - skip non existing resourceDirectory C:\Users\breno\OneDrive\햞ea de Trabalho\ChallengeJava4\ProjetoSprint4\src\main\resources
2024-11-22 10:57:38,659 [Worker-41: Building] WARN  o.a.m.s.f.DefaultMavenResourcesFiltering - Using platform encoding (Cp1252 actually) to copy filtered resources, i.e. build is platform dependent!
2024-11-22 10:57:38,660 [Worker-41: Building] INFO  o.a.m.s.f.DefaultMavenResourcesFiltering - skip non existing resourceDirectory C:\Users\breno\OneDrive\햞ea de Trabalho\ChallengeJava4\ProjetoSprint4\src\test\resources
2024-11-22 10:57:49,740 [Worker-20: Building] WARN  o.a.m.s.f.DefaultMavenResourcesFiltering - Using platform encoding (Cp1252 actually) to copy filtered resources, i.e. build is platform dependent!
2024-11-22 10:57:49,740 [Worker-20: Building] INFO  o.a.m.s.f.DefaultMavenResourcesFiltering - skip non existing resourceDirectory C:\Users\breno\OneDrive\햞ea de Trabalho\ChallengeJava4\ProjetoSprint4\src\main\resources
2024-11-22 10:57:49,741 [Worker-20: Building] WARN  o.a.m.s.f.DefaultMavenResourcesFiltering - Using platform encoding (Cp1252 actually) to copy filtered resources, i.e. build is platform dependent!
2024-11-22 10:57:49,742 [Worker-20: Building] INFO  o.a.m.s.f.DefaultMavenResourcesFiltering - skip non existing resourceDirectory C:\Users\breno\OneDrive\햞ea de Trabalho\ChallengeJava4\ProjetoSprint4\src\test\resources
2024-11-22 11:00:07,294 [Worker-41: Building] WARN  o.a.m.s.f.DefaultMavenResourcesFiltering - Using platform encoding (Cp1252 actually) to copy filtered resources, i.e. build is platform dependent!
2024-11-22 11:00:07,295 [Worker-41: Building] INFO  o.a.m.s.f.DefaultMavenResourcesFiltering - skip non existing resourceDirectory C:\Users\breno\OneDrive\햞ea de Trabalho\ChallengeJava4\ProjetoSprint4\src\main\resources
2024-11-22 11:00:07,297 [Worker-41: Building] WARN  o.a.m.s.f.DefaultMavenResourcesFiltering - Using platform encoding (Cp1252 actually) to copy filtered resources, i.e. build is platform dependent!
2024-11-22 11:00:07,297 [Worker-41: Building] INFO  o.a.m.s.f.DefaultMavenResourcesFiltering - skip non existing resourceDirectory C:\Users\breno\OneDrive\햞ea de Trabalho\ChallengeJava4\ProjetoSprint4\src\test\resources
2024-11-22 11:00:15,064 [Worker-41: Building] WARN  o.a.m.s.f.DefaultMavenResourcesFiltering - Using platform encoding (Cp1252 actually) to copy filtered resources, i.e. build is platform dependent!
2024-11-22 11:00:15,065 [Worker-41: Building] INFO  o.a.m.s.f.DefaultMavenResourcesFiltering - skip non existing resourceDirectory C:\Users\breno\OneDrive\햞ea de Trabalho\ChallengeJava4\ProjetoSprint4\src\main\resources
2024-11-22 11:00:15,067 [Worker-41: Building] WARN  o.a.m.s.f.DefaultMavenResourcesFiltering - Using platform encoding (Cp1252 actually) to copy filtered resources, i.e. build is platform dependent!
2024-11-22 11:00:15,067 [Worker-41: Building] INFO  o.a.m.s.f.DefaultMavenResourcesFiltering - skip non existing resourceDirectory C:\Users\breno\OneDrive\햞ea de Trabalho\ChallengeJava4\ProjetoSprint4\src\test\resources
2024-11-22 11:00:24,488 [Worker-46: Building] WARN  o.a.m.s.f.DefaultMavenResourcesFiltering - Using platform encoding (Cp1252 actually) to copy filtered resources, i.e. build is platform dependent!
2024-11-22 11:00:24,489 [Worker-46: Building] INFO  o.a.m.s.f.DefaultMavenResourcesFiltering - skip non existing resourceDirectory C:\Users\breno\OneDrive\햞ea de Trabalho\ChallengeJava4\ProjetoSprint4\src\main\resources
2024-11-22 11:00:24,490 [Worker-46: Building] WARN  o.a.m.s.f.DefaultMavenResourcesFiltering - Using platform encoding (Cp1252 actually) to copy filtered resources, i.e. build is platform dependent!
2024-11-22 11:00:24,490 [Worker-46: Building] INFO  o.a.m.s.f.DefaultMavenResourcesFiltering - skip non existing resourceDirectory C:\Users\breno\OneDrive\햞ea de Trabalho\ChallengeJava4\ProjetoSprint4\src\test\resources
2024-11-22 11:00:30,704 [Worker-20: Building] WARN  o.a.m.s.f.DefaultMavenResourcesFiltering - Using platform encoding (Cp1252 actually) to copy filtered resources, i.e. build is platform dependent!
2024-11-22 11:00:30,704 [Worker-20: Building] INFO  o.a.m.s.f.DefaultMavenResourcesFiltering - skip non existing resourceDirectory C:\Users\breno\OneDrive\햞ea de Trabalho\ChallengeJava4\ProjetoSprint4\src\main\resources
2024-11-22 11:00:30,705 [Worker-20: Building] WARN  o.a.m.s.f.DefaultMavenResourcesFiltering - Using platform encoding (Cp1252 actually) to copy filtered resources, i.e. build is platform dependent!
2024-11-22 11:00:30,706 [Worker-20: Building] INFO  o.a.m.s.f.DefaultMavenResourcesFiltering - skip non existing resourceDirectory C:\Users\breno\OneDrive\햞ea de Trabalho\ChallengeJava4\ProjetoSprint4\src\test\resources
2024-11-22 11:00:38,699 [Worker-41: Building] WARN  o.a.m.s.f.DefaultMavenResourcesFiltering - Using platform encoding (Cp1252 actually) to copy filtered resources, i.e. build is platform dependent!
2024-11-22 11:00:38,699 [Worker-41: Building] INFO  o.a.m.s.f.DefaultMavenResourcesFiltering - skip non existing resourceDirectory C:\Users\breno\OneDrive\햞ea de Trabalho\ChallengeJava4\ProjetoSprint4\src\main\resources
2024-11-22 11:00:38,700 [Worker-41: Building] WARN  o.a.m.s.f.DefaultMavenResourcesFiltering - Using platform encoding (Cp1252 actually) to copy filtered resources, i.e. build is platform dependent!
2024-11-22 11:00:38,701 [Worker-41: Building] INFO  o.a.m.s.f.DefaultMavenResourcesFiltering - skip non existing resourceDirectory C:\Users\breno\OneDrive\햞ea de Trabalho\ChallengeJava4\ProjetoSprint4\src\test\resources
2024-11-22 11:00:47,825 [Worker-47: Building] WARN  o.a.m.s.f.DefaultMavenResourcesFiltering - Using platform encoding (Cp1252 actually) to copy filtered resources, i.e. build is platform dependent!
2024-11-22 11:00:47,826 [Worker-47: Building] INFO  o.a.m.s.f.DefaultMavenResourcesFiltering - skip non existing resourceDirectory C:\Users\breno\OneDrive\햞ea de Trabalho\ChallengeJava4\ProjetoSprint4\src\main\resources
2024-11-22 11:00:47,828 [Worker-47: Building] WARN  o.a.m.s.f.DefaultMavenResourcesFiltering - Using platform encoding (Cp1252 actually) to copy filtered resources, i.e. build is platform dependent!
2024-11-22 11:00:47,828 [Worker-47: Building] INFO  o.a.m.s.f.DefaultMavenResourcesFiltering - skip non existing resourceDirectory C:\Users\breno\OneDrive\햞ea de Trabalho\ChallengeJava4\ProjetoSprint4\src\test\resources
2024-11-22 11:01:09,386 [Worker-48: Building] WARN  o.a.m.s.f.DefaultMavenResourcesFiltering - Using platform encoding (Cp1252 actually) to copy filtered resources, i.e. build is platform dependent!
2024-11-22 11:01:09,387 [Worker-48: Building] INFO  o.a.m.s.f.DefaultMavenResourcesFiltering - skip non existing resourceDirectory C:\Users\breno\OneDrive\햞ea de Trabalho\ChallengeJava4\ProjetoSprint4\src\main\resources
2024-11-22 11:01:09,389 [Worker-48: Building] WARN  o.a.m.s.f.DefaultMavenResourcesFiltering - Using platform encoding (Cp1252 actually) to copy filtered resources, i.e. build is platform dependent!
2024-11-22 11:01:09,389 [Worker-48: Building] INFO  o.a.m.s.f.DefaultMavenResourcesFiltering - skip non existing resourceDirectory C:\Users\breno\OneDrive\햞ea de Trabalho\ChallengeJava4\ProjetoSprint4\src\test\resources
2024-11-22 11:03:49,197 [Worker-41: Building] WARN  o.a.m.s.f.DefaultMavenResourcesFiltering - Using platform encoding (Cp1252 actually) to copy filtered resources, i.e. build is platform dependent!
2024-11-22 11:03:49,198 [Worker-41: Building] INFO  o.a.m.s.f.DefaultMavenResourcesFiltering - skip non existing resourceDirectory C:\Users\breno\OneDrive\햞ea de Trabalho\ChallengeJava4\ProjetoSprint4\src\main\resources
2024-11-22 11:03:49,200 [Worker-41: Building] WARN  o.a.m.s.f.DefaultMavenResourcesFiltering - Using platform encoding (Cp1252 actually) to copy filtered resources, i.e. build is platform dependent!
2024-11-22 11:03:49,201 [Worker-41: Building] INFO  o.a.m.s.f.DefaultMavenResourcesFiltering - skip non existing resourceDirectory C:\Users\breno\OneDrive\햞ea de Trabalho\ChallengeJava4\ProjetoSprint4\src\test\resources
2024-11-22 11:07:26,056 [Worker-51: Building] WARN  o.a.m.s.f.DefaultMavenResourcesFiltering - Using platform encoding (Cp1252 actually) to copy filtered resources, i.e. build is platform dependent!
2024-11-22 11:07:26,058 [Worker-51: Building] INFO  o.a.m.s.f.DefaultMavenResourcesFiltering - skip non existing resourceDirectory C:\Users\breno\OneDrive\햞ea de Trabalho\ChallengeJava4\ProjetoSprint4\src\main\resources
2024-11-22 11:07:26,059 [Worker-51: Building] WARN  o.a.m.s.f.DefaultMavenResourcesFiltering - Using platform encoding (Cp1252 actually) to copy filtered resources, i.e. build is platform dependent!
2024-11-22 11:07:26,060 [Worker-51: Building] INFO  o.a.m.s.f.DefaultMavenResourcesFiltering - skip non existing resourceDirectory C:\Users\breno\OneDrive\햞ea de Trabalho\ChallengeJava4\ProjetoSprint4\src\test\resources
2024-11-22 11:20:08,771 [Worker-56: Building] WARN  o.a.m.s.f.DefaultMavenResourcesFiltering - Using platform encoding (Cp1252 actually) to copy filtered resources, i.e. build is platform dependent!
2024-11-22 11:20:08,772 [Worker-56: Building] INFO  o.a.m.s.f.DefaultMavenResourcesFiltering - skip non existing resourceDirectory C:\Users\breno\OneDrive\햞ea de Trabalho\ChallengeJava4\ProjetoSprint4\src\main\resources
2024-11-22 11:20:08,773 [Worker-56: Building] WARN  o.a.m.s.f.DefaultMavenResourcesFiltering - Using platform encoding (Cp1252 actually) to copy filtered resources, i.e. build is platform dependent!
2024-11-22 11:20:08,774 [Worker-56: Building] INFO  o.a.m.s.f.DefaultMavenResourcesFiltering - skip non existing resourceDirectory C:\Users\breno\OneDrive\햞ea de Trabalho\ChallengeJava4\ProjetoSprint4\src\test\resources
2024-11-22 11:20:58,310 [Worker-58: Building] WARN  o.a.m.s.f.DefaultMavenResourcesFiltering - Using platform encoding (Cp1252 actually) to copy filtered resources, i.e. build is platform dependent!
2024-11-22 11:20:58,311 [Worker-58: Building] INFO  o.a.m.s.f.DefaultMavenResourcesFiltering - skip non existing resourceDirectory C:\Users\breno\OneDrive\햞ea de Trabalho\ChallengeJava4\ProjetoSprint4\src\main\resources
2024-11-22 11:20:58,312 [Worker-58: Building] WARN  o.a.m.s.f.DefaultMavenResourcesFiltering - Using platform encoding (Cp1252 actually) to copy filtered resources, i.e. build is platform dependent!
2024-11-22 11:20:58,314 [Worker-58: Building] INFO  o.a.m.s.f.DefaultMavenResourcesFiltering - skip non existing resourceDirectory C:\Users\breno\OneDrive\햞ea de Trabalho\ChallengeJava4\ProjetoSprint4\src\test\resources
2024-11-22 11:24:02,114 [Worker-52: Building] WARN  o.a.m.s.f.DefaultMavenResourcesFiltering - Using platform encoding (Cp1252 actually) to copy filtered resources, i.e. build is platform dependent!
2024-11-22 11:24:02,114 [Worker-52: Building] INFO  o.a.m.s.f.DefaultMavenResourcesFiltering - skip non existing resourceDirectory C:\Users\breno\OneDrive\햞ea de Trabalho\ChallengeJava4\ProjetoSprint4\src\main\resources
2024-11-22 11:24:02,115 [Worker-52: Building] WARN  o.a.m.s.f.DefaultMavenResourcesFiltering - Using platform encoding (Cp1252 actually) to copy filtered resources, i.e. build is platform dependent!
2024-11-22 11:24:02,142 [Worker-52: Building] INFO  o.a.m.s.f.DefaultMavenResourcesFiltering - skip non existing resourceDirectory C:\Users\breno\OneDrive\햞ea de Trabalho\ChallengeJava4\ProjetoSprint4\src\test\resources
2024-11-22 11:24:46,339 [Worker-60: Building] WARN  o.a.m.s.f.DefaultMavenResourcesFiltering - Using platform encoding (Cp1252 actually) to copy filtered resources, i.e. build is platform dependent!
2024-11-22 11:24:46,340 [Worker-60: Building] INFO  o.a.m.s.f.DefaultMavenResourcesFiltering - skip non existing resourceDirectory C:\Users\breno\OneDrive\햞ea de Trabalho\ChallengeJava4\ProjetoSprint4\src\main\resources
2024-11-22 11:24:46,342 [Worker-60: Building] WARN  o.a.m.s.f.DefaultMavenResourcesFiltering - Using platform encoding (Cp1252 actually) to copy filtered resources, i.e. build is platform dependent!
2024-11-22 11:24:46,501 [Worker-60: Building] INFO  o.a.m.s.f.DefaultMavenResourcesFiltering - skip non existing resourceDirectory C:\Users\breno\OneDrive\햞ea de Trabalho\ChallengeJava4\ProjetoSprint4\src\test\resources
2024-11-22 11:25:27,143 [Worker-58: Building] WARN  o.a.m.s.f.DefaultMavenResourcesFiltering - Using platform encoding (Cp1252 actually) to copy filtered resources, i.e. build is platform dependent!
2024-11-22 11:25:27,143 [Worker-58: Building] INFO  o.a.m.s.f.DefaultMavenResourcesFiltering - skip non existing resourceDirectory C:\Users\breno\OneDrive\햞ea de Trabalho\ChallengeJava4\ProjetoSprint4\src\main\resources
2024-11-22 11:25:27,144 [Worker-58: Building] WARN  o.a.m.s.f.DefaultMavenResourcesFiltering - Using platform encoding (Cp1252 actually) to copy filtered resources, i.e. build is platform dependent!
2024-11-22 11:25:27,145 [Worker-58: Building] INFO  o.a.m.s.f.DefaultMavenResourcesFiltering - skip non existing resourceDirectory C:\Users\breno\OneDrive\햞ea de Trabalho\ChallengeJava4\ProjetoSprint4\src\test\resources
2024-11-22 11:25:59,787 [Worker-59: Building] WARN  o.a.m.s.f.DefaultMavenResourcesFiltering - Using platform encoding (Cp1252 actually) to copy filtered resources, i.e. build is platform dependent!
2024-11-22 11:25:59,788 [Worker-59: Building] INFO  o.a.m.s.f.DefaultMavenResourcesFiltering - skip non existing resourceDirectory C:\Users\breno\OneDrive\햞ea de Trabalho\ChallengeJava4\ProjetoSprint4\src\main\resources
2024-11-22 11:25:59,789 [Worker-59: Building] WARN  o.a.m.s.f.DefaultMavenResourcesFiltering - Using platform encoding (Cp1252 actually) to copy filtered resources, i.e. build is platform dependent!
2024-11-22 11:25:59,790 [Worker-59: Building] INFO  o.a.m.s.f.DefaultMavenResourcesFiltering - skip non existing resourceDirectory C:\Users\breno\OneDrive\햞ea de Trabalho\ChallengeJava4\ProjetoSprint4\src\test\resources
2024-11-22 11:27:44,213 [Worker-60: Building] WARN  o.a.m.s.f.DefaultMavenResourcesFiltering - Using platform encoding (Cp1252 actually) to copy filtered resources, i.e. build is platform dependent!
2024-11-22 11:27:44,214 [Worker-60: Building] INFO  o.a.m.s.f.DefaultMavenResourcesFiltering - skip non existing resourceDirectory C:\Users\breno\OneDrive\햞ea de Trabalho\ChallengeJava4\ProjetoSprint4\src\main\resources
2024-11-22 11:27:44,215 [Worker-60: Building] WARN  o.a.m.s.f.DefaultMavenResourcesFiltering - Using platform encoding (Cp1252 actually) to copy filtered resources, i.e. build is platform dependent!
2024-11-22 11:27:44,216 [Worker-60: Building] INFO  o.a.m.s.f.DefaultMavenResourcesFiltering - skip non existing resourceDirectory C:\Users\breno\OneDrive\햞ea de Trabalho\ChallengeJava4\ProjetoSprint4\src\test\resources
2024-11-22 11:33:11,143 [Worker-60: Building] WARN  o.a.m.s.f.DefaultMavenResourcesFiltering - Using platform encoding (Cp1252 actually) to copy filtered resources, i.e. build is platform dependent!
2024-11-22 11:33:11,144 [Worker-60: Building] INFO  o.a.m.s.f.DefaultMavenResourcesFiltering - skip non existing resourceDirectory C:\Users\breno\OneDrive\햞ea de Trabalho\ChallengeJava4\ProjetoSprint4\src\main\resources
2024-11-22 11:33:11,145 [Worker-60: Building] WARN  o.a.m.s.f.DefaultMavenResourcesFiltering - Using platform encoding (Cp1252 actually) to copy filtered resources, i.e. build is platform dependent!
2024-11-22 11:33:11,146 [Worker-60: Building] INFO  o.a.m.s.f.DefaultMavenResourcesFiltering - skip non existing resourceDirectory C:\Users\breno\OneDrive\햞ea de Trabalho\ChallengeJava4\ProjetoSprint4\src\test\resources
2024-11-22 11:35:47,495 [Worker-68: Building] WARN  o.a.m.s.f.DefaultMavenResourcesFiltering - Using platform encoding (Cp1252 actually) to copy filtered resources, i.e. build is platform dependent!
2024-11-22 11:35:47,496 [Worker-68: Building] INFO  o.a.m.s.f.DefaultMavenResourcesFiltering - skip non existing resourceDirectory C:\Users\breno\OneDrive\햞ea de Trabalho\ChallengeJava4\ProjetoSprint4\src\main\resources
2024-11-22 11:35:47,498 [Worker-68: Building] WARN  o.a.m.s.f.DefaultMavenResourcesFiltering - Using platform encoding (Cp1252 actually) to copy filtered resources, i.e. build is platform dependent!
2024-11-22 11:35:47,498 [Worker-68: Building] INFO  o.a.m.s.f.DefaultMavenResourcesFiltering - skip non existing resourceDirectory C:\Users\breno\OneDrive\햞ea de Trabalho\ChallengeJava4\ProjetoSprint4\src\test\resources
2024-11-22 11:44:04,398 [Worker-72: Building] WARN  o.a.m.s.f.DefaultMavenResourcesFiltering - Using platform encoding (Cp1252 actually) to copy filtered resources, i.e. build is platform dependent!
2024-11-22 11:44:04,399 [Worker-72: Building] INFO  o.a.m.s.f.DefaultMavenResourcesFiltering - skip non existing resourceDirectory C:\Users\breno\OneDrive\햞ea de Trabalho\ChallengeJava4\ProjetoSprint4\src\main\resources
2024-11-22 11:44:04,401 [Worker-72: Building] WARN  o.a.m.s.f.DefaultMavenResourcesFiltering - Using platform encoding (Cp1252 actually) to copy filtered resources, i.e. build is platform dependent!
2024-11-22 11:44:04,402 [Worker-72: Building] INFO  o.a.m.s.f.DefaultMavenResourcesFiltering - skip non existing resourceDirectory C:\Users\breno\OneDrive\햞ea de Trabalho\ChallengeJava4\ProjetoSprint4\src\test\resources
2024-11-22 11:44:37,662 [Worker-68: Building] WARN  o.a.m.s.f.DefaultMavenResourcesFiltering - Using platform encoding (Cp1252 actually) to copy filtered resources, i.e. build is platform dependent!
2024-11-22 11:44:37,663 [Worker-68: Building] INFO  o.a.m.s.f.DefaultMavenResourcesFiltering - skip non existing resourceDirectory C:\Users\breno\OneDrive\햞ea de Trabalho\ChallengeJava4\ProjetoSprint4\src\main\resources
2024-11-22 11:44:37,664 [Worker-68: Building] WARN  o.a.m.s.f.DefaultMavenResourcesFiltering - Using platform encoding (Cp1252 actually) to copy filtered resources, i.e. build is platform dependent!
2024-11-22 11:44:37,664 [Worker-68: Building] INFO  o.a.m.s.f.DefaultMavenResourcesFiltering - skip non existing resourceDirectory C:\Users\breno\OneDrive\햞ea de Trabalho\ChallengeJava4\ProjetoSprint4\src\test\resources
2024-11-22 11:47:13,170 [Worker-70: Building] WARN  o.a.m.s.f.DefaultMavenResourcesFiltering - Using platform encoding (Cp1252 actually) to copy filtered resources, i.e. build is platform dependent!
2024-11-22 11:47:13,170 [Worker-70: Building] INFO  o.a.m.s.f.DefaultMavenResourcesFiltering - skip non existing resourceDirectory C:\Users\breno\OneDrive\햞ea de Trabalho\ChallengeJava4\ProjetoSprint4\src\main\resources
2024-11-22 11:47:13,172 [Worker-70: Building] WARN  o.a.m.s.f.DefaultMavenResourcesFiltering - Using platform encoding (Cp1252 actually) to copy filtered resources, i.e. build is platform dependent!
2024-11-22 11:47:13,172 [Worker-70: Building] INFO  o.a.m.s.f.DefaultMavenResourcesFiltering - skip non existing resourceDirectory C:\Users\breno\OneDrive\햞ea de Trabalho\ChallengeJava4\ProjetoSprint4\src\test\resources
2024-11-22 11:47:49,823 [Worker-70: Building] WARN  o.a.m.s.f.DefaultMavenResourcesFiltering - Using platform encoding (Cp1252 actually) to copy filtered resources, i.e. build is platform dependent!
2024-11-22 11:47:49,824 [Worker-70: Building] INFO  o.a.m.s.f.DefaultMavenResourcesFiltering - skip non existing resourceDirectory C:\Users\breno\OneDrive\햞ea de Trabalho\ChallengeJava4\ProjetoSprint4\src\main\resources
2024-11-22 11:47:49,825 [Worker-70: Building] WARN  o.a.m.s.f.DefaultMavenResourcesFiltering - Using platform encoding (Cp1252 actually) to copy filtered resources, i.e. build is platform dependent!
2024-11-22 11:47:49,826 [Worker-70: Building] INFO  o.a.m.s.f.DefaultMavenResourcesFiltering - skip non existing resourceDirectory C:\Users\breno\OneDrive\햞ea de Trabalho\ChallengeJava4\ProjetoSprint4\src\test\resources
2024-11-22 11:47:53,898 [Worker-72: Building] WARN  o.a.m.s.f.DefaultMavenResourcesFiltering - Using platform encoding (Cp1252 actually) to copy filtered resources, i.e. build is platform dependent!
2024-11-22 11:47:53,898 [Worker-72: Building] INFO  o.a.m.s.f.DefaultMavenResourcesFiltering - skip non existing resourceDirectory C:\Users\breno\OneDrive\햞ea de Trabalho\ChallengeJava4\ProjetoSprint4\src\main\resources
2024-11-22 11:47:53,899 [Worker-72: Building] WARN  o.a.m.s.f.DefaultMavenResourcesFiltering - Using platform encoding (Cp1252 actually) to copy filtered resources, i.e. build is platform dependent!
2024-11-22 11:47:53,900 [Worker-72: Building] INFO  o.a.m.s.f.DefaultMavenResourcesFiltering - skip non existing resourceDirectory C:\Users\breno\OneDrive\햞ea de Trabalho\ChallengeJava4\ProjetoSprint4\src\test\resources
2024-11-22 11:48:23,957 [Worker-74: Building] WARN  o.a.m.s.f.DefaultMavenResourcesFiltering - Using platform encoding (Cp1252 actually) to copy filtered resources, i.e. build is platform dependent!
2024-11-22 11:48:23,958 [Worker-74: Building] INFO  o.a.m.s.f.DefaultMavenResourcesFiltering - skip non existing resourceDirectory C:\Users\breno\OneDrive\햞ea de Trabalho\ChallengeJava4\ProjetoSprint4\src\main\resources
2024-11-22 11:48:23,960 [Worker-74: Building] WARN  o.a.m.s.f.DefaultMavenResourcesFiltering - Using platform encoding (Cp1252 actually) to copy filtered resources, i.e. build is platform dependent!
2024-11-22 11:48:23,960 [Worker-74: Building] INFO  o.a.m.s.f.DefaultMavenResourcesFiltering - skip non existing resourceDirectory C:\Users\breno\OneDrive\햞ea de Trabalho\ChallengeJava4\ProjetoSprint4\src\test\resources
2024-11-22 11:48:46,147 [Worker-73: Building] WARN  o.a.m.s.f.DefaultMavenResourcesFiltering - Using platform encoding (Cp1252 actually) to copy filtered resources, i.e. build is platform dependent!
2024-11-22 11:48:46,148 [Worker-73: Building] INFO  o.a.m.s.f.DefaultMavenResourcesFiltering - skip non existing resourceDirectory C:\Users\breno\OneDrive\햞ea de Trabalho\ChallengeJava4\ProjetoSprint4\src\main\resources
2024-11-22 11:48:46,149 [Worker-73: Building] WARN  o.a.m.s.f.DefaultMavenResourcesFiltering - Using platform encoding (Cp1252 actually) to copy filtered resources, i.e. build is platform dependent!
2024-11-22 11:48:46,150 [Worker-73: Building] INFO  o.a.m.s.f.DefaultMavenResourcesFiltering - skip non existing resourceDirectory C:\Users\breno\OneDrive\햞ea de Trabalho\ChallengeJava4\ProjetoSprint4\src\test\resources
2024-11-22 11:48:59,140 [Worker-72: Building] WARN  o.a.m.s.f.DefaultMavenResourcesFiltering - Using platform encoding (Cp1252 actually) to copy filtered resources, i.e. build is platform dependent!
2024-11-22 11:48:59,141 [Worker-72: Building] INFO  o.a.m.s.f.DefaultMavenResourcesFiltering - skip non existing resourceDirectory C:\Users\breno\OneDrive\햞ea de Trabalho\ChallengeJava4\ProjetoSprint4\src\main\resources
2024-11-22 11:48:59,143 [Worker-72: Building] WARN  o.a.m.s.f.DefaultMavenResourcesFiltering - Using platform encoding (Cp1252 actually) to copy filtered resources, i.e. build is platform dependent!
2024-11-22 11:48:59,143 [Worker-72: Building] INFO  o.a.m.s.f.DefaultMavenResourcesFiltering - skip non existing resourceDirectory C:\Users\breno\OneDrive\햞ea de Trabalho\ChallengeJava4\ProjetoSprint4\src\test\resources
2024-11-22 11:49:30,881 [Worker-74: Building] WARN  o.a.m.s.f.DefaultMavenResourcesFiltering - Using platform encoding (Cp1252 actually) to copy filtered resources, i.e. build is platform dependent!
2024-11-22 11:49:30,882 [Worker-74: Building] INFO  o.a.m.s.f.DefaultMavenResourcesFiltering - skip non existing resourceDirectory C:\Users\breno\OneDrive\햞ea de Trabalho\ChallengeJava4\ProjetoSprint4\src\main\resources
2024-11-22 11:49:30,883 [Worker-74: Building] WARN  o.a.m.s.f.DefaultMavenResourcesFiltering - Using platform encoding (Cp1252 actually) to copy filtered resources, i.e. build is platform dependent!
2024-11-22 11:49:30,884 [Worker-74: Building] INFO  o.a.m.s.f.DefaultMavenResourcesFiltering - skip non existing resourceDirectory C:\Users\breno\OneDrive\햞ea de Trabalho\ChallengeJava4\ProjetoSprint4\src\test\resources
2024-11-22 11:50:29,676 [Worker-72: Building] WARN  o.a.m.s.f.DefaultMavenResourcesFiltering - Using platform encoding (Cp1252 actually) to copy filtered resources, i.e. build is platform dependent!
2024-11-22 11:50:29,677 [Worker-72: Building] INFO  o.a.m.s.f.DefaultMavenResourcesFiltering - skip non existing resourceDirectory C:\Users\breno\OneDrive\햞ea de Trabalho\ChallengeJava4\ProjetoSprint4\src\main\resources
2024-11-22 11:50:29,679 [Worker-72: Building] WARN  o.a.m.s.f.DefaultMavenResourcesFiltering - Using platform encoding (Cp1252 actually) to copy filtered resources, i.e. build is platform dependent!
2024-11-22 11:50:29,680 [Worker-72: Building] INFO  o.a.m.s.f.DefaultMavenResourcesFiltering - skip non existing resourceDirectory C:\Users\breno\OneDrive\햞ea de Trabalho\ChallengeJava4\ProjetoSprint4\src\test\resources
2024-11-22 11:50:41,185 [Worker-68: Building] WARN  o.a.m.s.f.DefaultMavenResourcesFiltering - Using platform encoding (Cp1252 actually) to copy filtered resources, i.e. build is platform dependent!
2024-11-22 11:50:41,186 [Worker-68: Building] INFO  o.a.m.s.f.DefaultMavenResourcesFiltering - skip non existing resourceDirectory C:\Users\breno\OneDrive\햞ea de Trabalho\ChallengeJava4\ProjetoSprint4\src\main\resources
2024-11-22 11:50:41,187 [Worker-68: Building] WARN  o.a.m.s.f.DefaultMavenResourcesFiltering - Using platform encoding (Cp1252 actually) to copy filtered resources, i.e. build is platform dependent!
2024-11-22 11:50:41,188 [Worker-68: Building] INFO  o.a.m.s.f.DefaultMavenResourcesFiltering - skip non existing resourceDirectory C:\Users\breno\OneDrive\햞ea de Trabalho\ChallengeJava4\ProjetoSprint4\src\test\resources
2024-11-22 11:52:05,766 [Worker-74: Building] WARN  o.a.m.s.f.DefaultMavenResourcesFiltering - Using platform encoding (Cp1252 actually) to copy filtered resources, i.e. build is platform dependent!
2024-11-22 11:52:05,766 [Worker-74: Building] INFO  o.a.m.s.f.DefaultMavenResourcesFiltering - skip non existing resourceDirectory C:\Users\breno\OneDrive\햞ea de Trabalho\ChallengeJava4\ProjetoSprint4\src\main\resources
2024-11-22 11:52:05,768 [Worker-74: Building] WARN  o.a.m.s.f.DefaultMavenResourcesFiltering - Using platform encoding (Cp1252 actually) to copy filtered resources, i.e. build is platform dependent!
2024-11-22 11:52:05,769 [Worker-74: Building] INFO  o.a.m.s.f.DefaultMavenResourcesFiltering - skip non existing resourceDirectory C:\Users\breno\OneDrive\햞ea de Trabalho\ChallengeJava4\ProjetoSprint4\src\test\resources
2024-11-22 11:52:11,274 [Worker-70: Building] WARN  o.a.m.s.f.DefaultMavenResourcesFiltering - Using platform encoding (Cp1252 actually) to copy filtered resources, i.e. build is platform dependent!
2024-11-22 11:52:11,274 [Worker-70: Building] INFO  o.a.m.s.f.DefaultMavenResourcesFiltering - skip non existing resourceDirectory C:\Users\breno\OneDrive\햞ea de Trabalho\ChallengeJava4\ProjetoSprint4\src\main\resources
2024-11-22 11:52:11,276 [Worker-70: Building] WARN  o.a.m.s.f.DefaultMavenResourcesFiltering - Using platform encoding (Cp1252 actually) to copy filtered resources, i.e. build is platform dependent!
2024-11-22 11:52:11,277 [Worker-70: Building] INFO  o.a.m.s.f.DefaultMavenResourcesFiltering - skip non existing resourceDirectory C:\Users\breno\OneDrive\햞ea de Trabalho\ChallengeJava4\ProjetoSprint4\src\test\resources
2024-11-22 11:52:14,678 [Worker-70: Building] WARN  o.a.m.s.f.DefaultMavenResourcesFiltering - Using platform encoding (Cp1252 actually) to copy filtered resources, i.e. build is platform dependent!
2024-11-22 11:52:14,679 [Worker-70: Building] INFO  o.a.m.s.f.DefaultMavenResourcesFiltering - skip non existing resourceDirectory C:\Users\breno\OneDrive\햞ea de Trabalho\ChallengeJava4\ProjetoSprint4\src\main\resources
2024-11-22 11:52:14,680 [Worker-70: Building] WARN  o.a.m.s.f.DefaultMavenResourcesFiltering - Using platform encoding (Cp1252 actually) to copy filtered resources, i.e. build is platform dependent!
2024-11-22 11:52:14,682 [Worker-70: Building] INFO  o.a.m.s.f.DefaultMavenResourcesFiltering - skip non existing resourceDirectory C:\Users\breno\OneDrive\햞ea de Trabalho\ChallengeJava4\ProjetoSprint4\src\test\resources
2024-11-22 11:52:57,917 [Worker-68: Building] WARN  o.a.m.s.f.DefaultMavenResourcesFiltering - Using platform encoding (Cp1252 actually) to copy filtered resources, i.e. build is platform dependent!
2024-11-22 11:52:57,917 [Worker-68: Building] INFO  o.a.m.s.f.DefaultMavenResourcesFiltering - skip non existing resourceDirectory C:\Users\breno\OneDrive\햞ea de Trabalho\ChallengeJava4\ProjetoSprint4\src\main\resources
2024-11-22 11:52:57,919 [Worker-68: Building] WARN  o.a.m.s.f.DefaultMavenResourcesFiltering - Using platform encoding (Cp1252 actually) to copy filtered resources, i.e. build is platform dependent!
2024-11-22 11:52:57,920 [Worker-68: Building] INFO  o.a.m.s.f.DefaultMavenResourcesFiltering - skip non existing resourceDirectory C:\Users\breno\OneDrive\햞ea de Trabalho\ChallengeJava4\ProjetoSprint4\src\test\resources
2024-11-22 11:53:15,455 [Worker-70: Building] WARN  o.a.m.s.f.DefaultMavenResourcesFiltering - Using platform encoding (Cp1252 actually) to copy filtered resources, i.e. build is platform dependent!
2024-11-22 11:53:15,456 [Worker-70: Building] INFO  o.a.m.s.f.DefaultMavenResourcesFiltering - skip non existing resourceDirectory C:\Users\breno\OneDrive\햞ea de Trabalho\ChallengeJava4\ProjetoSprint4\src\main\resources
2024-11-22 11:53:15,458 [Worker-70: Building] WARN  o.a.m.s.f.DefaultMavenResourcesFiltering - Using platform encoding (Cp1252 actually) to copy filtered resources, i.e. build is platform dependent!
2024-11-22 11:53:15,458 [Worker-70: Building] INFO  o.a.m.s.f.DefaultMavenResourcesFiltering - skip non existing resourceDirectory C:\Users\breno\OneDrive\햞ea de Trabalho\ChallengeJava4\ProjetoSprint4\src\test\resources
2024-11-22 11:53:20,578 [Worker-69: Building] WARN  o.a.m.s.f.DefaultMavenResourcesFiltering - Using platform encoding (Cp1252 actually) to copy filtered resources, i.e. build is platform dependent!
2024-11-22 11:53:20,579 [Worker-69: Building] INFO  o.a.m.s.f.DefaultMavenResourcesFiltering - skip non existing resourceDirectory C:\Users\breno\OneDrive\햞ea de Trabalho\ChallengeJava4\ProjetoSprint4\src\main\resources
2024-11-22 11:53:20,580 [Worker-69: Building] WARN  o.a.m.s.f.DefaultMavenResourcesFiltering - Using platform encoding (Cp1252 actually) to copy filtered resources, i.e. build is platform dependent!
2024-11-22 11:53:20,580 [Worker-69: Building] INFO  o.a.m.s.f.DefaultMavenResourcesFiltering - skip non existing resourceDirectory C:\Users\breno\OneDrive\햞ea de Trabalho\ChallengeJava4\ProjetoSprint4\src\test\resources
2024-11-22 11:53:48,444 [Worker-73: Building] WARN  o.a.m.s.f.DefaultMavenResourcesFiltering - Using platform encoding (Cp1252 actually) to copy filtered resources, i.e. build is platform dependent!
2024-11-22 11:53:48,445 [Worker-73: Building] INFO  o.a.m.s.f.DefaultMavenResourcesFiltering - skip non existing resourceDirectory C:\Users\breno\OneDrive\햞ea de Trabalho\ChallengeJava4\ProjetoSprint4\src\main\resources
2024-11-22 11:53:48,446 [Worker-73: Building] WARN  o.a.m.s.f.DefaultMavenResourcesFiltering - Using platform encoding (Cp1252 actually) to copy filtered resources, i.e. build is platform dependent!
2024-11-22 11:53:48,447 [Worker-73: Building] INFO  o.a.m.s.f.DefaultMavenResourcesFiltering - skip non existing resourceDirectory C:\Users\breno\OneDrive\햞ea de Trabalho\ChallengeJava4\ProjetoSprint4\src\test\resources
2024-11-22 11:54:43,544 [Worker-70: Building] WARN  o.a.m.s.f.DefaultMavenResourcesFiltering - Using platform encoding (Cp1252 actually) to copy filtered resources, i.e. build is platform dependent!
2024-11-22 11:54:43,545 [Worker-70: Building] INFO  o.a.m.s.f.DefaultMavenResourcesFiltering - skip non existing resourceDirectory C:\Users\breno\OneDrive\햞ea de Trabalho\ChallengeJava4\ProjetoSprint4\src\main\resources
2024-11-22 11:54:43,547 [Worker-70: Building] WARN  o.a.m.s.f.DefaultMavenResourcesFiltering - Using platform encoding (Cp1252 actually) to copy filtered resources, i.e. build is platform dependent!
2024-11-22 11:54:43,548 [Worker-70: Building] INFO  o.a.m.s.f.DefaultMavenResourcesFiltering - skip non existing resourceDirectory C:\Users\breno\OneDrive\햞ea de Trabalho\ChallengeJava4\ProjetoSprint4\src\test\resources
2024-11-22 11:54:50,968 [Worker-75: Building] WARN  o.a.m.s.f.DefaultMavenResourcesFiltering - Using platform encoding (Cp1252 actually) to copy filtered resources, i.e. build is platform dependent!
2024-11-22 11:54:50,969 [Worker-75: Building] INFO  o.a.m.s.f.DefaultMavenResourcesFiltering - skip non existing resourceDirectory C:\Users\breno\OneDrive\햞ea de Trabalho\ChallengeJava4\ProjetoSprint4\src\main\resources
2024-11-22 11:54:50,970 [Worker-75: Building] WARN  o.a.m.s.f.DefaultMavenResourcesFiltering - Using platform encoding (Cp1252 actually) to copy filtered resources, i.e. build is platform dependent!
2024-11-22 11:54:50,970 [Worker-75: Building] INFO  o.a.m.s.f.DefaultMavenResourcesFiltering - skip non existing resourceDirectory C:\Users\breno\OneDrive\햞ea de Trabalho\ChallengeJava4\ProjetoSprint4\src\test\resources
2024-11-22 11:55:11,694 [Worker-74: Building] WARN  o.a.m.s.f.DefaultMavenResourcesFiltering - Using platform encoding (Cp1252 actually) to copy filtered resources, i.e. build is platform dependent!
2024-11-22 11:55:11,694 [Worker-74: Building] INFO  o.a.m.s.f.DefaultMavenResourcesFiltering - skip non existing resourceDirectory C:\Users\breno\OneDrive\햞ea de Trabalho\ChallengeJava4\ProjetoSprint4\src\main\resources
2024-11-22 11:55:11,696 [Worker-74: Building] WARN  o.a.m.s.f.DefaultMavenResourcesFiltering - Using platform encoding (Cp1252 actually) to copy filtered resources, i.e. build is platform dependent!
2024-11-22 11:55:11,697 [Worker-74: Building] INFO  o.a.m.s.f.DefaultMavenResourcesFiltering - skip non existing resourceDirectory C:\Users\breno\OneDrive\햞ea de Trabalho\ChallengeJava4\ProjetoSprint4\src\test\resources
2024-11-22 11:55:15,681 [Worker-74: Building] WARN  o.a.m.s.f.DefaultMavenResourcesFiltering - Using platform encoding (Cp1252 actually) to copy filtered resources, i.e. build is platform dependent!
2024-11-22 11:55:15,682 [Worker-74: Building] INFO  o.a.m.s.f.DefaultMavenResourcesFiltering - skip non existing resourceDirectory C:\Users\breno\OneDrive\햞ea de Trabalho\ChallengeJava4\ProjetoSprint4\src\main\resources
2024-11-22 11:55:15,683 [Worker-74: Building] WARN  o.a.m.s.f.DefaultMavenResourcesFiltering - Using platform encoding (Cp1252 actually) to copy filtered resources, i.e. build is platform dependent!
2024-11-22 11:55:15,683 [Worker-74: Building] INFO  o.a.m.s.f.DefaultMavenResourcesFiltering - skip non existing resourceDirectory C:\Users\breno\OneDrive\햞ea de Trabalho\ChallengeJava4\ProjetoSprint4\src\test\resources
2024-11-22 11:55:26,855 [Worker-75: Building] WARN  o.a.m.s.f.DefaultMavenResourcesFiltering - Using platform encoding (Cp1252 actually) to copy filtered resources, i.e. build is platform dependent!
2024-11-22 11:55:26,855 [Worker-75: Building] INFO  o.a.m.s.f.DefaultMavenResourcesFiltering - skip non existing resourceDirectory C:\Users\breno\OneDrive\햞ea de Trabalho\ChallengeJava4\ProjetoSprint4\src\main\resources
2024-11-22 11:55:26,856 [Worker-75: Building] WARN  o.a.m.s.f.DefaultMavenResourcesFiltering - Using platform encoding (Cp1252 actually) to copy filtered resources, i.e. build is platform dependent!
2024-11-22 11:55:26,857 [Worker-75: Building] INFO  o.a.m.s.f.DefaultMavenResourcesFiltering - skip non existing resourceDirectory C:\Users\breno\OneDrive\햞ea de Trabalho\ChallengeJava4\ProjetoSprint4\src\test\resources
2024-11-22 11:55:29,377 [Worker-72: Building] WARN  o.a.m.s.f.DefaultMavenResourcesFiltering - Using platform encoding (Cp1252 actually) to copy filtered resources, i.e. build is platform dependent!
2024-11-22 11:55:29,378 [Worker-72: Building] INFO  o.a.m.s.f.DefaultMavenResourcesFiltering - skip non existing resourceDirectory C:\Users\breno\OneDrive\햞ea de Trabalho\ChallengeJava4\ProjetoSprint4\src\main\resources
2024-11-22 11:55:29,379 [Worker-72: Building] WARN  o.a.m.s.f.DefaultMavenResourcesFiltering - Using platform encoding (Cp1252 actually) to copy filtered resources, i.e. build is platform dependent!
2024-11-22 11:55:29,380 [Worker-72: Building] INFO  o.a.m.s.f.DefaultMavenResourcesFiltering - skip non existing resourceDirectory C:\Users\breno\OneDrive\햞ea de Trabalho\ChallengeJava4\ProjetoSprint4\src\test\resources
2024-11-22 11:55:33,391 [Worker-76: Building] WARN  o.a.m.s.f.DefaultMavenResourcesFiltering - Using platform encoding (Cp1252 actually) to copy filtered resources, i.e. build is platform dependent!
2024-11-22 11:55:33,391 [Worker-76: Building] INFO  o.a.m.s.f.DefaultMavenResourcesFiltering - skip non existing resourceDirectory C:\Users\breno\OneDrive\햞ea de Trabalho\ChallengeJava4\ProjetoSprint4\src\main\resources
2024-11-22 11:55:33,392 [Worker-76: Building] WARN  o.a.m.s.f.DefaultMavenResourcesFiltering - Using platform encoding (Cp1252 actually) to copy filtered resources, i.e. build is platform dependent!
2024-11-22 11:55:33,393 [Worker-76: Building] INFO  o.a.m.s.f.DefaultMavenResourcesFiltering - skip non existing resourceDirectory C:\Users\breno\OneDrive\햞ea de Trabalho\ChallengeJava4\ProjetoSprint4\src\test\resources
2024-11-22 11:55:37,426 [Worker-68: Building] WARN  o.a.m.s.f.DefaultMavenResourcesFiltering - Using platform encoding (Cp1252 actually) to copy filtered resources, i.e. build is platform dependent!
2024-11-22 11:55:37,427 [Worker-68: Building] INFO  o.a.m.s.f.DefaultMavenResourcesFiltering - skip non existing resourceDirectory C:\Users\breno\OneDrive\햞ea de Trabalho\ChallengeJava4\ProjetoSprint4\src\main\resources
2024-11-22 11:55:37,428 [Worker-68: Building] WARN  o.a.m.s.f.DefaultMavenResourcesFiltering - Using platform encoding (Cp1252 actually) to copy filtered resources, i.e. build is platform dependent!
2024-11-22 11:55:37,429 [Worker-68: Building] INFO  o.a.m.s.f.DefaultMavenResourcesFiltering - skip non existing resourceDirectory C:\Users\breno\OneDrive\햞ea de Trabalho\ChallengeJava4\ProjetoSprint4\src\test\resources
2024-11-22 11:56:01,784 [Worker-76: Building] WARN  o.a.m.s.f.DefaultMavenResourcesFiltering - Using platform encoding (Cp1252 actually) to copy filtered resources, i.e. build is platform dependent!
2024-11-22 11:56:01,785 [Worker-76: Building] INFO  o.a.m.s.f.DefaultMavenResourcesFiltering - skip non existing resourceDirectory C:\Users\breno\OneDrive\햞ea de Trabalho\ChallengeJava4\ProjetoSprint4\src\main\resources
2024-11-22 11:56:01,787 [Worker-76: Building] WARN  o.a.m.s.f.DefaultMavenResourcesFiltering - Using platform encoding (Cp1252 actually) to copy filtered resources, i.e. build is platform dependent!
2024-11-22 11:56:01,787 [Worker-76: Building] INFO  o.a.m.s.f.DefaultMavenResourcesFiltering - skip non existing resourceDirectory C:\Users\breno\OneDrive\햞ea de Trabalho\ChallengeJava4\ProjetoSprint4\src\test\resources
2024-11-22 11:56:13,603 [Worker-68: Building] WARN  o.a.m.s.f.DefaultMavenResourcesFiltering - Using platform encoding (Cp1252 actually) to copy filtered resources, i.e. build is platform dependent!
2024-11-22 11:56:13,604 [Worker-68: Building] INFO  o.a.m.s.f.DefaultMavenResourcesFiltering - skip non existing resourceDirectory C:\Users\breno\OneDrive\햞ea de Trabalho\ChallengeJava4\ProjetoSprint4\src\main\resources
2024-11-22 11:56:13,605 [Worker-68: Building] WARN  o.a.m.s.f.DefaultMavenResourcesFiltering - Using platform encoding (Cp1252 actually) to copy filtered resources, i.e. build is platform dependent!
2024-11-22 11:56:13,606 [Worker-68: Building] INFO  o.a.m.s.f.DefaultMavenResourcesFiltering - skip non existing resourceDirectory C:\Users\breno\OneDrive\햞ea de Trabalho\ChallengeJava4\ProjetoSprint4\src\test\resources
2024-11-22 11:56:16,684 [Worker-68: Building] WARN  o.a.m.s.f.DefaultMavenResourcesFiltering - Using platform encoding (Cp1252 actually) to copy filtered resources, i.e. build is platform dependent!
2024-11-22 11:56:16,685 [Worker-68: Building] INFO  o.a.m.s.f.DefaultMavenResourcesFiltering - skip non existing resourceDirectory C:\Users\breno\OneDrive\햞ea de Trabalho\ChallengeJava4\ProjetoSprint4\src\main\resources
2024-11-22 11:56:16,686 [Worker-68: Building] WARN  o.a.m.s.f.DefaultMavenResourcesFiltering - Using platform encoding (Cp1252 actually) to copy filtered resources, i.e. build is platform dependent!
2024-11-22 11:56:16,686 [Worker-68: Building] INFO  o.a.m.s.f.DefaultMavenResourcesFiltering - skip non existing resourceDirectory C:\Users\breno\OneDrive\햞ea de Trabalho\ChallengeJava4\ProjetoSprint4\src\test\resources
2024-11-22 11:56:19,496 [Worker-76: Building] WARN  o.a.m.s.f.DefaultMavenResourcesFiltering - Using platform encoding (Cp1252 actually) to copy filtered resources, i.e. build is platform dependent!
2024-11-22 11:56:19,496 [Worker-76: Building] INFO  o.a.m.s.f.DefaultMavenResourcesFiltering - skip non existing resourceDirectory C:\Users\breno\OneDrive\햞ea de Trabalho\ChallengeJava4\ProjetoSprint4\src\main\resources
2024-11-22 11:56:19,497 [Worker-76: Building] WARN  o.a.m.s.f.DefaultMavenResourcesFiltering - Using platform encoding (Cp1252 actually) to copy filtered resources, i.e. build is platform dependent!
2024-11-22 11:56:19,498 [Worker-76: Building] INFO  o.a.m.s.f.DefaultMavenResourcesFiltering - skip non existing resourceDirectory C:\Users\breno\OneDrive\햞ea de Trabalho\ChallengeJava4\ProjetoSprint4\src\test\resources
2024-11-22 11:56:43,583 [Worker-75: Building] WARN  o.a.m.s.f.DefaultMavenResourcesFiltering - Using platform encoding (Cp1252 actually) to copy filtered resources, i.e. build is platform dependent!
2024-11-22 11:56:43,584 [Worker-75: Building] INFO  o.a.m.s.f.DefaultMavenResourcesFiltering - skip non existing resourceDirectory C:\Users\breno\OneDrive\햞ea de Trabalho\ChallengeJava4\ProjetoSprint4\src\main\resources
2024-11-22 11:56:43,585 [Worker-75: Building] WARN  o.a.m.s.f.DefaultMavenResourcesFiltering - Using platform encoding (Cp1252 actually) to copy filtered resources, i.e. build is platform dependent!
2024-11-22 11:56:43,586 [Worker-75: Building] INFO  o.a.m.s.f.DefaultMavenResourcesFiltering - skip non existing resourceDirectory C:\Users\breno\OneDrive\햞ea de Trabalho\ChallengeJava4\ProjetoSprint4\src\test\resources
2024-11-22 11:56:46,780 [Worker-74: Building] WARN  o.a.m.s.f.DefaultMavenResourcesFiltering - Using platform encoding (Cp1252 actually) to copy filtered resources, i.e. build is platform dependent!
2024-11-22 11:56:46,780 [Worker-74: Building] INFO  o.a.m.s.f.DefaultMavenResourcesFiltering - skip non existing resourceDirectory C:\Users\breno\OneDrive\햞ea de Trabalho\ChallengeJava4\ProjetoSprint4\src\main\resources
2024-11-22 11:56:46,781 [Worker-74: Building] WARN  o.a.m.s.f.DefaultMavenResourcesFiltering - Using platform encoding (Cp1252 actually) to copy filtered resources, i.e. build is platform dependent!
2024-11-22 11:56:46,782 [Worker-74: Building] INFO  o.a.m.s.f.DefaultMavenResourcesFiltering - skip non existing resourceDirectory C:\Users\breno\OneDrive\햞ea de Trabalho\ChallengeJava4\ProjetoSprint4\src\test\resources
2024-11-22 11:57:26,744 [Worker-73: Building] WARN  o.a.m.s.f.DefaultMavenResourcesFiltering - Using platform encoding (Cp1252 actually) to copy filtered resources, i.e. build is platform dependent!
2024-11-22 11:57:26,745 [Worker-73: Building] INFO  o.a.m.s.f.DefaultMavenResourcesFiltering - skip non existing resourceDirectory C:\Users\breno\OneDrive\햞ea de Trabalho\ChallengeJava4\ProjetoSprint4\src\main\resources
2024-11-22 11:57:26,746 [Worker-73: Building] WARN  o.a.m.s.f.DefaultMavenResourcesFiltering - Using platform encoding (Cp1252 actually) to copy filtered resources, i.e. build is platform dependent!
2024-11-22 11:57:26,747 [Worker-73: Building] INFO  o.a.m.s.f.DefaultMavenResourcesFiltering - skip non existing resourceDirectory C:\Users\breno\OneDrive\햞ea de Trabalho\ChallengeJava4\ProjetoSprint4\src\test\resources
2024-11-22 11:58:10,450 [Worker-74: Building] WARN  o.a.m.s.f.DefaultMavenResourcesFiltering - Using platform encoding (Cp1252 actually) to copy filtered resources, i.e. build is platform dependent!
2024-11-22 11:58:10,450 [Worker-74: Building] INFO  o.a.m.s.f.DefaultMavenResourcesFiltering - skip non existing resourceDirectory C:\Users\breno\OneDrive\햞ea de Trabalho\ChallengeJava4\ProjetoSprint4\src\main\resources
2024-11-22 11:58:10,451 [Worker-74: Building] WARN  o.a.m.s.f.DefaultMavenResourcesFiltering - Using platform encoding (Cp1252 actually) to copy filtered resources, i.e. build is platform dependent!
2024-11-22 11:58:10,452 [Worker-74: Building] INFO  o.a.m.s.f.DefaultMavenResourcesFiltering - skip non existing resourceDirectory C:\Users\breno\OneDrive\햞ea de Trabalho\ChallengeJava4\ProjetoSprint4\src\test\resources
2024-11-22 11:58:47,639 [Worker-75: Building] WARN  o.a.m.s.f.DefaultMavenResourcesFiltering - Using platform encoding (Cp1252 actually) to copy filtered resources, i.e. build is platform dependent!
2024-11-22 11:58:47,639 [Worker-75: Building] INFO  o.a.m.s.f.DefaultMavenResourcesFiltering - skip non existing resourceDirectory C:\Users\breno\OneDrive\햞ea de Trabalho\ChallengeJava4\ProjetoSprint4\src\main\resources
2024-11-22 11:58:47,640 [Worker-75: Building] WARN  o.a.m.s.f.DefaultMavenResourcesFiltering - Using platform encoding (Cp1252 actually) to copy filtered resources, i.e. build is platform dependent!
2024-11-22 11:58:47,641 [Worker-75: Building] INFO  o.a.m.s.f.DefaultMavenResourcesFiltering - skip non existing resourceDirectory C:\Users\breno\OneDrive\햞ea de Trabalho\ChallengeJava4\ProjetoSprint4\src\test\resources
2024-11-22 11:59:34,996 [Worker-73: Building] WARN  o.a.m.s.f.DefaultMavenResourcesFiltering - Using platform encoding (Cp1252 actually) to copy filtered resources, i.e. build is platform dependent!
2024-11-22 11:59:34,997 [Worker-73: Building] INFO  o.a.m.s.f.DefaultMavenResourcesFiltering - skip non existing resourceDirectory C:\Users\breno\OneDrive\햞ea de Trabalho\ChallengeJava4\ProjetoSprint4\src\main\resources
2024-11-22 11:59:34,998 [Worker-73: Building] WARN  o.a.m.s.f.DefaultMavenResourcesFiltering - Using platform encoding (Cp1252 actually) to copy filtered resources, i.e. build is platform dependent!
2024-11-22 11:59:34,998 [Worker-73: Building] INFO  o.a.m.s.f.DefaultMavenResourcesFiltering - skip non existing resourceDirectory C:\Users\breno\OneDrive\햞ea de Trabalho\ChallengeJava4\ProjetoSprint4\src\test\resources
2024-11-22 12:00:22,873 [Worker-70: Building] WARN  o.a.m.s.f.DefaultMavenResourcesFiltering - Using platform encoding (Cp1252 actually) to copy filtered resources, i.e. build is platform dependent!
2024-11-22 12:00:22,874 [Worker-70: Building] INFO  o.a.m.s.f.DefaultMavenResourcesFiltering - skip non existing resourceDirectory C:\Users\breno\OneDrive\햞ea de Trabalho\ChallengeJava4\ProjetoSprint4\src\main\resources
2024-11-22 12:00:22,875 [Worker-70: Building] WARN  o.a.m.s.f.DefaultMavenResourcesFiltering - Using platform encoding (Cp1252 actually) to copy filtered resources, i.e. build is platform dependent!
2024-11-22 12:00:22,875 [Worker-70: Building] INFO  o.a.m.s.f.DefaultMavenResourcesFiltering - skip non existing resourceDirectory C:\Users\breno\OneDrive\햞ea de Trabalho\ChallengeJava4\ProjetoSprint4\src\test\resources
2024-11-22 12:03:19,232 [Worker-73: Building] WARN  o.a.m.s.f.DefaultMavenResourcesFiltering - Using platform encoding (Cp1252 actually) to copy filtered resources, i.e. build is platform dependent!
2024-11-22 12:03:19,233 [Worker-73: Building] INFO  o.a.m.s.f.DefaultMavenResourcesFiltering - skip non existing resourceDirectory C:\Users\breno\OneDrive\햞ea de Trabalho\ChallengeJava4\ProjetoSprint4\src\main\resources
2024-11-22 12:03:19,234 [Worker-73: Building] WARN  o.a.m.s.f.DefaultMavenResourcesFiltering - Using platform encoding (Cp1252 actually) to copy filtered resources, i.e. build is platform dependent!
2024-11-22 12:03:19,234 [Worker-73: Building] INFO  o.a.m.s.f.DefaultMavenResourcesFiltering - skip non existing resourceDirectory C:\Users\breno\OneDrive\햞ea de Trabalho\ChallengeJava4\ProjetoSprint4\src\test\resources
2024-11-22 13:32:54,007 [Worker-87: Building] WARN  o.a.m.s.f.DefaultMavenResourcesFiltering - Using platform encoding (Cp1252 actually) to copy filtered resources, i.e. build is platform dependent!
2024-11-22 13:32:54,009 [Worker-87: Building] INFO  o.a.m.s.f.DefaultMavenResourcesFiltering - skip non existing resourceDirectory C:\Users\breno\OneDrive\햞ea de Trabalho\ChallengeJava4\ProjetoSprint4\src\main\resources
2024-11-22 13:32:54,011 [Worker-87: Building] WARN  o.a.m.s.f.DefaultMavenResourcesFiltering - Using platform encoding (Cp1252 actually) to copy filtered resources, i.e. build is platform dependent!
2024-11-22 13:32:54,011 [Worker-87: Building] INFO  o.a.m.s.f.DefaultMavenResourcesFiltering - skip non existing resourceDirectory C:\Users\breno\OneDrive\햞ea de Trabalho\ChallengeJava4\ProjetoSprint4\src\test\resources
2024-11-22 13:35:45,019 [Worker-6: Loading available Gradle versions] INFO  o.e.b.c.i.u.g.PublishedGradleVersions - Gradle version information cache is up-to-date. Trying to read.
2024-11-22 13:38:05,841 [Worker-6: Loading available Gradle versions] INFO  o.e.b.c.i.u.g.PublishedGradleVersions - Gradle version information cache is up-to-date. Trying to read.
2024-11-22 13:38:08,139 [Worker-5: reload maven project] ERROR o.e.m2e.editor.pom.MavenPomEditor - failed to load maven project for org.eclipse.ui.part.FileEditorInput(/ProjetoSprint4/pom.xml)
org.eclipse.core.runtime.CoreException: Could not read maven project
	at org.eclipse.m2e.core.internal.project.registry.ProjectRegistryManager.readProjectWithDependencies(ProjectRegistryManager.java:917)
	at org.eclipse.m2e.core.internal.project.registry.MavenProjectCache$CacheLine.lambda$1(MavenProjectCache.java:192)
	at java.base/java.util.concurrent.ConcurrentHashMap.computeIfAbsent(ConcurrentHashMap.java:1708)
	at org.eclipse.m2e.core.internal.project.registry.MavenProjectCache$CacheLine.getProject(MavenProjectCache.java:191)
	at org.eclipse.m2e.core.internal.project.registry.MavenProjectCache.getMavenProject(MavenProjectCache.java:105)
	at org.eclipse.m2e.core.internal.project.registry.ProjectRegistryManager.lambda$24(ProjectRegistryManager.java:1101)
	at java.base/java.util.Map.computeIfAbsent(Map.java:1066)
	at org.eclipse.m2e.core.internal.project.registry.ProjectRegistryManager.getMavenProject(ProjectRegistryManager.java:1100)
	at org.eclipse.m2e.core.internal.project.registry.MavenProjectFacade.getMavenProject(MavenProjectFacade.java:289)
	at org.eclipse.m2e.core.ui.internal.actions.SelectionUtil.getMavenProject(SelectionUtil.java:241)
	at org.eclipse.m2e.editor.pom.MavenPomEditor.readMavenProject(MavenPomEditor.java:709)
	at org.eclipse.m2e.editor.pom.MavenPomEditor$4.run(MavenPomEditor.java:1029)
	at org.eclipse.core.internal.jobs.Worker.run(Worker.java:63)
